12月 17, 2023 7:56:27 下午 org.l2jmobius.loginserver.LoginController retriveAccountInfo
警告: Exception while retriving account info for '159753'!
java.sql.SQLTransientConnectionException: (conn=4264) Incorrect information in file: '.\l2jgs\accounts.frm'
	at org.mariadb.jdbc.internal.util.exceptions.ExceptionFactory.createException(ExceptionFactory.java:79)
	at org.mariadb.jdbc.internal.util.exceptions.ExceptionFactory.create(ExceptionFactory.java:158)
	at org.mariadb.jdbc.MariaDbStatement.executeExceptionEpilogue(MariaDbStatement.java:266)
	at org.mariadb.jdbc.ClientSidePreparedStatement.executeInternal(ClientSidePreparedStatement.java:229)
	at org.mariadb.jdbc.ClientSidePreparedStatement.execute(ClientSidePreparedStatement.java:149)
	at org.mariadb.jdbc.ClientSidePreparedStatement.executeQuery(ClientSidePreparedStatement.java:163)
	at org.l2jmobius.loginserver.LoginController.retriveAccountInfo(LoginController.java:185)
	at org.l2jmobius.loginserver.LoginController.retriveAccountInfo(LoginController.java:131)
	at org.l2jmobius.loginserver.network.clientpackets.RequestAuthLogin.run(RequestAuthLogin.java:107)
	at org.l2jmobius.loginserver.network.LoginPacketHandler.handle(LoginPacketHandler.java:80)
	at org.l2jmobius.loginserver.network.LoginPacketHandler.handle(LoginPacketHandler.java:29)
	at org.l2jmobius.commons.network.ExecuteThread$ExecuteTask.run(ExecuteThread.java:130)
	at java.base/java.util.concurrent.ThreadPoolExecutor.runWorker(ThreadPoolExecutor.java:1136)
	at java.base/java.util.concurrent.ThreadPoolExecutor$Worker.run(ThreadPoolExecutor.java:635)
	at java.base/java.lang.Thread.run(Thread.java:833)
Caused by: org.mariadb.jdbc.internal.util.exceptions.MariaDbSqlException: Incorrect information in file: '.\l2jgs\accounts.frm'
	at org.mariadb.jdbc.internal.util.exceptions.MariaDbSqlException.of(MariaDbSqlException.java:34)
	at org.mariadb.jdbc.internal.protocol.AbstractQueryProtocol.exceptionWithQuery(AbstractQueryProtocol.java:194)
	at org.mariadb.jdbc.internal.protocol.AbstractQueryProtocol.exceptionWithQuery(AbstractQueryProtocol.java:177)
	at org.mariadb.jdbc.internal.protocol.AbstractQueryProtocol.executeQuery(AbstractQueryProtocol.java:321)
	at org.mariadb.jdbc.ClientSidePreparedStatement.executeInternal(ClientSidePreparedStatement.java:220)
	... 11 more
Caused by: java.sql.SQLException: Incorrect information in file: '.\l2jgs\accounts.frm'
	at org.mariadb.jdbc.internal.protocol.AbstractQueryProtocol.readErrorPacket(AbstractQueryProtocol.java:1695)
	at org.mariadb.jdbc.internal.protocol.AbstractQueryProtocol.readPacket(AbstractQueryProtocol.java:1557)
	at org.mariadb.jdbc.internal.protocol.AbstractQueryProtocol.getResult(AbstractQueryProtocol.java:1520)
	at org.mariadb.jdbc.internal.protocol.AbstractQueryProtocol.executeQuery(AbstractQueryProtocol.java:318)
	... 12 more

12月 17, 2023 7:56:31 下午 org.l2jmobius.loginserver.LoginController retriveAccountInfo
警告: Exception while retriving account info for '159753'!
java.sql.SQLTransientConnectionException: (conn=4268) Incorrect information in file: '.\l2jgs\accounts.frm'
	at org.mariadb.jdbc.internal.util.exceptions.ExceptionFactory.createException(ExceptionFactory.java:79)
	at org.mariadb.jdbc.internal.util.exceptions.ExceptionFactory.create(ExceptionFactory.java:158)
	at org.mariadb.jdbc.MariaDbStatement.executeExceptionEpilogue(MariaDbStatement.java:266)
	at org.mariadb.jdbc.ClientSidePreparedStatement.executeInternal(ClientSidePreparedStatement.java:229)
	at org.mariadb.jdbc.ClientSidePreparedStatement.execute(ClientSidePreparedStatement.java:149)
	at org.mariadb.jdbc.ClientSidePreparedStatement.executeQuery(ClientSidePreparedStatement.java:163)
	at org.l2jmobius.loginserver.LoginController.retriveAccountInfo(LoginController.java:185)
	at org.l2jmobius.loginserver.LoginController.retriveAccountInfo(LoginController.java:131)
	at org.l2jmobius.loginserver.network.clientpackets.RequestAuthLogin.run(RequestAuthLogin.java:107)
	at org.l2jmobius.loginserver.network.LoginPacketHandler.handle(LoginPacketHandler.java:80)
	at org.l2jmobius.loginserver.network.LoginPacketHandler.handle(LoginPacketHandler.java:29)
	at org.l2jmobius.commons.network.ExecuteThread$ExecuteTask.run(ExecuteThread.java:130)
	at java.base/java.util.concurrent.ThreadPoolExecutor.runWorker(ThreadPoolExecutor.java:1136)
	at java.base/java.util.concurrent.ThreadPoolExecutor$Worker.run(ThreadPoolExecutor.java:635)
	at java.base/java.lang.Thread.run(Thread.java:833)
Caused by: org.mariadb.jdbc.internal.util.exceptions.MariaDbSqlException: Incorrect information in file: '.\l2jgs\accounts.frm'
	at org.mariadb.jdbc.internal.util.exceptions.MariaDbSqlException.of(MariaDbSqlException.java:34)
	at org.mariadb.jdbc.internal.protocol.AbstractQueryProtocol.exceptionWithQuery(AbstractQueryProtocol.java:194)
	at org.mariadb.jdbc.internal.protocol.AbstractQueryProtocol.exceptionWithQuery(AbstractQueryProtocol.java:177)
	at org.mariadb.jdbc.internal.protocol.AbstractQueryProtocol.executeQuery(AbstractQueryProtocol.java:321)
	at org.mariadb.jdbc.ClientSidePreparedStatement.executeInternal(ClientSidePreparedStatement.java:220)
	... 11 more
Caused by: java.sql.SQLException: Incorrect information in file: '.\l2jgs\accounts.frm'
	at org.mariadb.jdbc.internal.protocol.AbstractQueryProtocol.readErrorPacket(AbstractQueryProtocol.java:1695)
	at org.mariadb.jdbc.internal.protocol.AbstractQueryProtocol.readPacket(AbstractQueryProtocol.java:1557)
	at org.mariadb.jdbc.internal.protocol.AbstractQueryProtocol.getResult(AbstractQueryProtocol.java:1520)
	at org.mariadb.jdbc.internal.protocol.AbstractQueryProtocol.executeQuery(AbstractQueryProtocol.java:318)
	... 12 more

