12月 24, 2024 3:12:40 下午 org.l2jmobius.gameserver.scripting.ScriptEngineManager executeScriptList
WARNING: ScriptEngine: E:\L2_Mobius_85\SRC\dist\game\data\scripts\ai\bosses\FLY\FLY.java failed execution!
java.lang.reflect.InvocationTargetException
	at java.base/jdk.internal.reflect.DirectMethodHandleAccessor.invoke(DirectMethodHandleAccessor.java:115)
	at java.base/java.lang.reflect.Method.invoke(Method.java:580)
	at org.l2jmobius.gameserver.scripting.java.JavaExecutionContext.executeScripts(JavaExecutionContext.java:209)
	at org.l2jmobius.gameserver.scripting.ScriptEngineManager.executeScriptList(ScriptEngineManager.java:178)
	at org.l2jmobius.gameserver.GameServer.<init>(GameServer.java:368)
	at org.l2jmobius.gameserver.GameServer.main(GameServer.java:663)
Caused by: java.lang.NullPointerException: Cannot invoke "java.lang.Integer.intValue()" because the return value of "java.util.Map.get(Object)" is null
	at org.l2jmobius.gameserver.instancemanager.GrandBossManager.getStatus(GrandBossManager.java:205)
	at ai.bosses.FLY.FLY.<init>(FLY.java:60)
	at ai.bosses.FLY.FLY.main(FLY.java:160)
	at java.base/jdk.internal.reflect.DirectMethodHandleAccessor.invoke(DirectMethodHandleAccessor.java:103)
	... 5 more

12月 24, 2024 3:12:40 下午 org.l2jmobius.gameserver.scripting.ScriptEngineManager executeScriptList
WARNING: ScriptEngine: E:\L2_Mobius_85\SRC\dist\game\data\scripts\ai\bosses\LINDE\LINDE.java failed execution!
java.lang.reflect.InvocationTargetException
	at java.base/jdk.internal.reflect.DirectMethodHandleAccessor.invoke(DirectMethodHandleAccessor.java:115)
	at java.base/java.lang.reflect.Method.invoke(Method.java:580)
	at org.l2jmobius.gameserver.scripting.java.JavaExecutionContext.executeScripts(JavaExecutionContext.java:209)
	at org.l2jmobius.gameserver.scripting.ScriptEngineManager.executeScriptList(ScriptEngineManager.java:178)
	at org.l2jmobius.gameserver.GameServer.<init>(GameServer.java:368)
	at org.l2jmobius.gameserver.GameServer.main(GameServer.java:663)
Caused by: java.lang.NullPointerException: Cannot invoke "java.lang.Integer.intValue()" because the return value of "java.util.Map.get(Object)" is null
	at org.l2jmobius.gameserver.instancemanager.GrandBossManager.getStatus(GrandBossManager.java:205)
	at ai.bosses.LINDE.LINDE.<init>(LINDE.java:60)
	at ai.bosses.LINDE.LINDE.main(LINDE.java:160)
	at java.base/jdk.internal.reflect.DirectMethodHandleAccessor.invoke(DirectMethodHandleAccessor.java:103)
	... 5 more

12月 24, 2024 3:12:40 下午 org.l2jmobius.gameserver.scripting.ScriptEngineManager executeScriptList
WARNING: ScriptEngine: E:\L2_Mobius_85\SRC\dist\game\data\scripts\ai\bosses\BEL\BEL.java failed execution!
java.lang.reflect.InvocationTargetException
	at java.base/jdk.internal.reflect.DirectMethodHandleAccessor.invoke(DirectMethodHandleAccessor.java:115)
	at java.base/java.lang.reflect.Method.invoke(Method.java:580)
	at org.l2jmobius.gameserver.scripting.java.JavaExecutionContext.executeScripts(JavaExecutionContext.java:209)
	at org.l2jmobius.gameserver.scripting.ScriptEngineManager.executeScriptList(ScriptEngineManager.java:178)
	at org.l2jmobius.gameserver.GameServer.<init>(GameServer.java:368)
	at org.l2jmobius.gameserver.GameServer.main(GameServer.java:663)
Caused by: java.lang.NullPointerException: Cannot invoke "java.lang.Integer.intValue()" because the return value of "java.util.Map.get(Object)" is null
	at org.l2jmobius.gameserver.instancemanager.GrandBossManager.getStatus(GrandBossManager.java:205)
	at ai.bosses.BEL.BEL.<init>(BEL.java:60)
	at ai.bosses.BEL.BEL.main(BEL.java:160)
	at java.base/jdk.internal.reflect.DirectMethodHandleAccessor.invoke(DirectMethodHandleAccessor.java:103)
	... 5 more

