2024.12.24 15:20:38,082	INFO	1	org.l2jmobius.commons.util.IXmlReader	Network Config: ipconfig.xml exists using manual configuration...
2024.12.24 15:20:38,142	WARNING	1	org.l2jmobius.Config	[SkillDurationList]: invalid config property -> SkillDurationList 
2024.12.24 15:20:38,160	INFO	1	org.l2jmobius.Config	Loaded 6 Filter Words.
2024.12.24 15:20:38,177	INFO	1	org.l2jmobius.gameserver.GameServer	------------------------------------------------=[ Database ]
2024.12.24 15:20:38,309	INFO	1	org.l2jmobius.commons.database.DatabaseFactory	Database: Initialized.
2024.12.24 15:20:38,310	INFO	1	org.l2jmobius.gameserver.GameServer	----------------------------------------------=[ ThreadPool ]
2024.12.24 15:20:38,311	INFO	1	org.l2jmobius.commons.threads.ThreadPool	ThreadPool: Initialized
2024.12.24 15:20:38,319	INFO	1	org.l2jmobius.commons.threads.ThreadPool	...scheduled pool executor with 64 total threads.
2024.12.24 15:20:38,319	INFO	1	org.l2jmobius.commons.threads.ThreadPool	...instant pool executor with 32 total threads.
2024.12.24 15:20:38,320	INFO	1	org.l2jmobius.gameserver.GameServer	-----------------------------------------------=[ IdManager ]
2024.12.24 15:20:38,321	INFO	1	org.l2jmobius.gameserver.instancemanager.IdManager	Updated characters online status.
2024.12.24 15:20:38,331	INFO	1	org.l2jmobius.gameserver.instancemanager.IdManager	IdManager: Cleaned 0 elements from database in 0 seconds.
2024.12.24 15:20:38,333	INFO	1	org.l2jmobius.gameserver.instancemanager.IdManager	IdManager: Cleaned 0 expired timestamps from database.
2024.12.24 15:20:38,334	INFO	1	org.l2jmobius.gameserver.instancemanager.IdManager	IdManager: 102912 id's available.
2024.12.24 15:20:38,334	INFO	1	org.l2jmobius.gameserver.GameServer	----------------------------------------=[ Scripting Engine ]
2024.12.24 15:20:38,386	INFO	1	org.l2jmobius.gameserver.scripting.ScriptEngineManager	Loaded 415 files to exclude.
2024.12.24 15:20:38,386	INFO	1	org.l2jmobius.gameserver.GameServer	---------------------------------------------------=[ World ]
2024.12.24 15:20:38,391	INFO	1	org.l2jmobius.commons.util.IXmlReader	InstanceManager: Multiverse Instance created.
2024.12.24 15:20:38,391	INFO	1	org.l2jmobius.commons.util.IXmlReader	InstanceManager: Universe Instance created.
2024.12.24 15:20:38,400	INFO	1	org.l2jmobius.commons.util.IXmlReader	InstanceManager: Loaded 160 instance names.
2024.12.24 15:20:38,583	INFO	1	org.l2jmobius.commons.util.IXmlReader	InstanceManager: Loaded 126 instance templates.
2024.12.24 15:20:38,624	INFO	1	org.l2jmobius.gameserver.model.World	World: (256 by 272) World Region Grid set up.
2024.12.24 15:20:38,669	INFO	1	org.l2jmobius.commons.util.IXmlReader	MapRegionManager: Loaded 57 map regions.
2024.12.24 15:20:38,677	INFO	1	org.l2jmobius.gameserver.instancemanager.GlobalVariablesManager	GlobalVariablesManager: Loaded 12 variables.
2024.12.24 15:20:38,677	INFO	1	org.l2jmobius.gameserver.GameServer	----------------------------------------------------=[ Data ]
2024.12.24 15:20:38,694	INFO	1	org.l2jmobius.gameserver.data.xml.CategoryData	CategoryData: Loaded 180 categories.
2024.12.24 15:20:38,698	INFO	1	org.l2jmobius.commons.util.IXmlReader	SecondaryAuthData: Loaded 328 forbidden passwords.
2024.12.24 15:20:38,698	INFO	1	org.l2jmobius.gameserver.GameServer	--------------------------------------------------=[ Skills ]
2024.12.24 15:20:39,630	INFO	1	handlers.EffectMasterHandler	EffectMasterHandler: Loaded 162 effect handlers.
2024.12.24 15:20:39,639	INFO	1	org.l2jmobius.commons.util.IXmlReader	EnchantSkillGroupsData: Loaded 4 groups and 90 routes.
2024.12.24 15:20:39,902	INFO	1	org.l2jmobius.commons.util.IXmlReader	SkillTreeData: Loaded 19514 Class Skills for 103 class skill trees.
2024.12.24 15:20:39,902	INFO	1	org.l2jmobius.commons.util.IXmlReader	SkillTreeData: Loaded 76 sub-class skills.
2024.12.24 15:20:39,903	INFO	1	org.l2jmobius.commons.util.IXmlReader	SkillTreeData: Loaded 77 transfer skills for 3 transfer skill trees.
2024.12.24 15:20:39,903	INFO	1	org.l2jmobius.commons.util.IXmlReader	SkillTreeData: Loaded 117 fishing skills, 8 Dwarven only fishing skills.
2024.12.24 15:20:39,903	INFO	1	org.l2jmobius.commons.util.IXmlReader	SkillTreeData: Loaded 3 collect skills.
2024.12.24 15:20:39,905	INFO	1	org.l2jmobius.commons.util.IXmlReader	SkillTreeData: Loaded 74 clan skills, 44 for clan and 30 residential.
2024.12.24 15:20:39,905	INFO	1	org.l2jmobius.commons.util.IXmlReader	SkillTreeData: Loaded 18 sub-pledge skills.
2024.12.24 15:20:39,905	INFO	1	org.l2jmobius.commons.util.IXmlReader	SkillTreeData: Loaded 32 transform skills.
2024.12.24 15:20:39,905	INFO	1	org.l2jmobius.commons.util.IXmlReader	SkillTreeData: Loaded 8 noble skills.
2024.12.24 15:20:39,906	INFO	1	org.l2jmobius.commons.util.IXmlReader	SkillTreeData: Loaded 5 hero skills.
2024.12.24 15:20:39,906	INFO	1	org.l2jmobius.commons.util.IXmlReader	SkillTreeData: Loaded 46 game master skills.
2024.12.24 15:20:39,906	INFO	1	org.l2jmobius.commons.util.IXmlReader	SkillTreeData: Loaded 46 game master aura skills.
2024.12.24 15:20:42,089	WARNING	1	org.l2jmobius.gameserver.model.effects.AbstractEffect	DefenceTrait: must have parameters.
2024.12.24 15:20:42,089	WARNING	1	org.l2jmobius.gameserver.model.effects.AbstractEffect	DefenceTrait: must have parameters.
2024.12.24 15:20:42,089	WARNING	1	org.l2jmobius.gameserver.model.effects.AbstractEffect	DefenceTrait: must have parameters.
2024.12.24 15:20:42,089	WARNING	1	org.l2jmobius.gameserver.model.effects.AbstractEffect	DefenceTrait: must have parameters.
2024.12.24 15:20:42,089	WARNING	1	org.l2jmobius.gameserver.model.effects.AbstractEffect	DefenceTrait: must have parameters.
2024.12.24 15:20:42,089	WARNING	1	org.l2jmobius.gameserver.model.effects.AbstractEffect	DefenceTrait: must have parameters.
2024.12.24 15:20:42,090	INFO	1	org.l2jmobius.gameserver.data.xml.SkillData	SkillData: Loaded 66015 Skill templates from XML files.
2024.12.24 15:20:42,120	INFO	1	org.l2jmobius.gameserver.data.xml.PetSkillData	PetSkillData: Loaded 881 skills.
2024.12.24 15:20:42,120	INFO	1	org.l2jmobius.gameserver.GameServer	---------------------------------------------------=[ Items ]
2024.12.24 15:20:42,443	INFO	1	org.l2jmobius.gameserver.data.ItemTable	ItemTable: Highest item id used: 100085
2024.12.24 15:20:42,445	INFO	1	org.l2jmobius.gameserver.data.ItemTable	ItemTable: Loaded 11521 etc items.
2024.12.24 15:20:42,451	INFO	1	org.l2jmobius.gameserver.data.ItemTable	ItemTable: Loaded 3918 armor items.
2024.12.24 15:20:42,452	INFO	1	org.l2jmobius.gameserver.data.ItemTable	ItemTable: Loaded 3988 weapon items.
2024.12.24 15:20:42,452	INFO	1	org.l2jmobius.gameserver.data.ItemTable	ItemTable: Loaded 19427 items in total.
2024.12.24 15:20:42,456	INFO	1	org.l2jmobius.commons.util.IXmlReader	EnchantItemGroupsData: Loaded 4 item group templates.
2024.12.24 15:20:42,457	INFO	1	org.l2jmobius.commons.util.IXmlReader	EnchantItemGroupsData: Loaded 1 scroll group templates.
2024.12.24 15:20:42,460	INFO	1	org.l2jmobius.commons.util.IXmlReader	EnchantItemData: Loaded 71 enchant scrolls.
2024.12.24 15:20:42,460	INFO	1	org.l2jmobius.commons.util.IXmlReader	EnchantItemData: Loaded 20 support items.
2024.12.24 15:20:42,757	INFO	1	org.l2jmobius.gameserver.data.xml.OptionData	OptionData: Loaded 25005 options.
2024.12.24 15:20:42,764	INFO	1	org.l2jmobius.commons.util.IXmlReader	EnchantItemOptionsData: Loaded 31 items and 1261 options.
2024.12.24 15:20:42,767	INFO	1	org.l2jmobius.commons.util.IXmlReader	ElementalAttributeData: Loaded 30 elemental attribute items.
2024.12.24 15:20:42,771	INFO	1	org.l2jmobius.commons.util.IXmlReader	EnchantItemHPBonusData: Loaded 6 enchant HP bonuses.
2024.12.24 15:20:42,773	INFO	1	org.l2jmobius.gameserver.data.MerchantPriceConfigTable	MerchantPriceConfigTable: Loaded 28 merchant price configs.
2024.12.24 15:20:43,113	WARNING	1	org.l2jmobius.commons.util.IXmlReader	Folder E:\L2_Mobius_85\SRC\dist\game\data\buylists\custom doesn't exist!
2024.12.24 15:20:43,113	INFO	1	org.l2jmobius.gameserver.data.xml.BuyListData	BuyListData: Loaded 759 buyLists.
2024.12.24 15:20:43,265	WARNING	1	org.l2jmobius.commons.util.IXmlReader	Buy price 10 is less than sell price 500000 at entry 15 of multisell 60005.
2024.12.24 15:20:43,265	WARNING	1	org.l2jmobius.commons.util.IXmlReader	Buy price 100 is less than sell price 1778000 at entry 24 of multisell 60005.
2024.12.24 15:20:43,265	WARNING	1	org.l2jmobius.commons.util.IXmlReader	Buy price 100 is less than sell price 958500 at entry 25 of multisell 60005.
2024.12.24 15:20:43,294	WARNING	1	org.l2jmobius.commons.util.IXmlReader	Buy price 100 is less than sell price 17500 at entry 10 of multisell 95501.
2024.12.24 15:20:43,294	WARNING	1	org.l2jmobius.commons.util.IXmlReader	Buy price 1000 is less than sell price 2000000 at entry 11 of multisell 95501.
2024.12.24 15:20:43,294	WARNING	1	org.l2jmobius.commons.util.IXmlReader	Buy price 100000 is less than sell price 3000000 at entry 3 of multisell 95502.
2024.12.24 15:20:43,295	WARNING	1	org.l2jmobius.commons.util.IXmlReader	Buy price 100000 is less than sell price 1500000 at entry 4 of multisell 95502.
2024.12.24 15:20:43,295	WARNING	1	org.l2jmobius.commons.util.IXmlReader	Buy price 100000 is less than sell price 17500000 at entry 6 of multisell 95502.
2024.12.24 15:20:43,295	WARNING	1	org.l2jmobius.commons.util.IXmlReader	Buy price 100000 is less than sell price 200000 at entry 7 of multisell 95502.
2024.12.24 15:20:43,295	WARNING	1	org.l2jmobius.commons.util.IXmlReader	Buy price 100000 is less than sell price 125000 at entry 8 of multisell 95502.
2024.12.24 15:20:43,295	WARNING	1	org.l2jmobius.commons.util.IXmlReader	Buy price 100000 is less than sell price 10000000 at entry 9 of multisell 95502.
2024.12.24 15:20:43,295	WARNING	1	org.l2jmobius.commons.util.IXmlReader	Buy price 100000 is less than sell price 10000000 at entry 10 of multisell 95502.
2024.12.24 15:20:43,295	WARNING	1	org.l2jmobius.commons.util.IXmlReader	Buy price 100000 is less than sell price 10000000 at entry 11 of multisell 95502.
2024.12.24 15:20:43,295	WARNING	1	org.l2jmobius.commons.util.IXmlReader	Buy price 100000 is less than sell price 10000000 at entry 12 of multisell 95502.
2024.12.24 15:20:43,295	WARNING	1	org.l2jmobius.commons.util.IXmlReader	Buy price 5000 is less than sell price 15000 at entry 17 of multisell 95502.
2024.12.24 15:20:43,295	WARNING	1	org.l2jmobius.commons.util.IXmlReader	Buy price 5000 is less than sell price 50000 at entry 18 of multisell 95502.
2024.12.24 15:20:43,295	WARNING	1	org.l2jmobius.commons.util.IXmlReader	Buy price 5000 is less than sell price 150000 at entry 19 of multisell 95502.
2024.12.24 15:20:43,295	WARNING	1	org.l2jmobius.commons.util.IXmlReader	Buy price 5000 is less than sell price 500000 at entry 20 of multisell 95502.
2024.12.24 15:20:43,295	WARNING	1	org.l2jmobius.commons.util.IXmlReader	Buy price 50000 is less than sell price 150000 at entry 27 of multisell 95502.
2024.12.24 15:20:43,295	WARNING	1	org.l2jmobius.commons.util.IXmlReader	Buy price 50000 is less than sell price 450000 at entry 28 of multisell 95502.
2024.12.24 15:20:43,295	WARNING	1	org.l2jmobius.commons.util.IXmlReader	Buy price 50000 is less than sell price 750000 at entry 29 of multisell 95502.
2024.12.24 15:20:43,295	WARNING	1	org.l2jmobius.commons.util.IXmlReader	Buy price 50000 is less than sell price 1250000 at entry 30 of multisell 95502.
2024.12.24 15:20:43,325	WARNING	1	org.l2jmobius.commons.util.IXmlReader	Buy price 1336100 is less than sell price 3340250 at entry 1 of multisell 600014.
2024.12.24 15:20:43,326	WARNING	1	org.l2jmobius.commons.util.IXmlReader	Buy price 1336100 is less than sell price 3340250 at entry 2 of multisell 600014.
2024.12.24 15:20:43,326	WARNING	1	org.l2jmobius.commons.util.IXmlReader	Buy price 1336100 is less than sell price 3340250 at entry 3 of multisell 600014.
2024.12.24 15:20:43,326	WARNING	1	org.l2jmobius.commons.util.IXmlReader	Buy price 1336100 is less than sell price 3340250 at entry 4 of multisell 600014.
2024.12.24 15:20:43,326	WARNING	1	org.l2jmobius.commons.util.IXmlReader	Buy price 1336100 is less than sell price 3340250 at entry 5 of multisell 600014.
2024.12.24 15:20:43,326	WARNING	1	org.l2jmobius.commons.util.IXmlReader	Buy price 1336100 is less than sell price 3340250 at entry 6 of multisell 600014.
2024.12.24 15:20:43,326	WARNING	1	org.l2jmobius.commons.util.IXmlReader	Buy price 1336100 is less than sell price 3340250 at entry 7 of multisell 600014.
2024.12.24 15:20:43,326	WARNING	1	org.l2jmobius.commons.util.IXmlReader	Buy price 1336100 is less than sell price 3340250 at entry 8 of multisell 600014.
2024.12.24 15:20:43,326	WARNING	1	org.l2jmobius.commons.util.IXmlReader	Buy price 1336100 is less than sell price 3340250 at entry 9 of multisell 600014.
2024.12.24 15:20:43,326	WARNING	1	org.l2jmobius.commons.util.IXmlReader	Buy price 1336100 is less than sell price 3340250 at entry 10 of multisell 600014.
2024.12.24 15:20:43,326	WARNING	1	org.l2jmobius.commons.util.IXmlReader	Buy price 1336100 is less than sell price 3340250 at entry 11 of multisell 600014.
2024.12.24 15:20:43,326	WARNING	1	org.l2jmobius.commons.util.IXmlReader	Buy price 1336100 is less than sell price 3340250 at entry 12 of multisell 600014.
2024.12.24 15:20:43,326	WARNING	1	org.l2jmobius.commons.util.IXmlReader	Buy price 1336100 is less than sell price 3340250 at entry 13 of multisell 600014.
2024.12.24 15:20:43,326	WARNING	1	org.l2jmobius.commons.util.IXmlReader	Buy price 1336100 is less than sell price 3340250 at entry 14 of multisell 600014.
2024.12.24 15:20:43,326	WARNING	1	org.l2jmobius.commons.util.IXmlReader	Buy price 1336100 is less than sell price 3340250 at entry 15 of multisell 600014.
2024.12.24 15:20:43,345	WARNING	1	org.l2jmobius.commons.util.IXmlReader	Buy price 20000000 is less than sell price 21379700 at entry 1 of multisell 88000006.
2024.12.24 15:20:43,345	WARNING	1	org.l2jmobius.commons.util.IXmlReader	Buy price 20000000 is less than sell price 21379700 at entry 2 of multisell 88000006.
2024.12.24 15:20:43,345	WARNING	1	org.l2jmobius.commons.util.IXmlReader	Buy price 20000000 is less than sell price 21379700 at entry 3 of multisell 88000006.
2024.12.24 15:20:43,345	WARNING	1	org.l2jmobius.commons.util.IXmlReader	Buy price 20000000 is less than sell price 21379700 at entry 4 of multisell 88000006.
2024.12.24 15:20:43,345	WARNING	1	org.l2jmobius.commons.util.IXmlReader	Buy price 20000000 is less than sell price 21379700 at entry 5 of multisell 88000006.
2024.12.24 15:20:43,345	WARNING	1	org.l2jmobius.commons.util.IXmlReader	Buy price 20000000 is less than sell price 21379700 at entry 6 of multisell 88000006.
2024.12.24 15:20:43,345	WARNING	1	org.l2jmobius.commons.util.IXmlReader	Buy price 20000000 is less than sell price 21379700 at entry 7 of multisell 88000006.
2024.12.24 15:20:43,345	WARNING	1	org.l2jmobius.commons.util.IXmlReader	Buy price 20000000 is less than sell price 21379700 at entry 8 of multisell 88000006.
2024.12.24 15:20:43,345	WARNING	1	org.l2jmobius.commons.util.IXmlReader	Buy price 20000000 is less than sell price 21379700 at entry 9 of multisell 88000006.
2024.12.24 15:20:43,345	WARNING	1	org.l2jmobius.commons.util.IXmlReader	Buy price 20000000 is less than sell price 21379700 at entry 10 of multisell 88000006.
2024.12.24 15:20:43,345	WARNING	1	org.l2jmobius.commons.util.IXmlReader	Buy price 20000000 is less than sell price 21379700 at entry 11 of multisell 88000006.
2024.12.24 15:20:43,345	WARNING	1	org.l2jmobius.commons.util.IXmlReader	Buy price 20000000 is less than sell price 21379700 at entry 12 of multisell 88000006.
2024.12.24 15:20:43,345	WARNING	1	org.l2jmobius.commons.util.IXmlReader	Buy price 20000000 is less than sell price 21379700 at entry 13 of multisell 88000006.
2024.12.24 15:20:43,345	WARNING	1	org.l2jmobius.commons.util.IXmlReader	Buy price 20000000 is less than sell price 21379700 at entry 14 of multisell 88000006.
2024.12.24 15:20:43,345	WARNING	1	org.l2jmobius.commons.util.IXmlReader	Buy price 20000000 is less than sell price 21379700 at entry 15 of multisell 88000006.
2024.12.24 15:20:43,345	WARNING	1	org.l2jmobius.commons.util.IXmlReader	Buy price 20000000 is less than sell price 21379700 at entry 16 of multisell 88000006.
2024.12.24 15:20:43,346	WARNING	1	org.l2jmobius.commons.util.IXmlReader	Buy price 20000000 is less than sell price 21379700 at entry 17 of multisell 88000006.
2024.12.24 15:20:43,346	WARNING	1	org.l2jmobius.commons.util.IXmlReader	Buy price 20000000 is less than sell price 21379700 at entry 18 of multisell 88000006.
2024.12.24 15:20:43,346	WARNING	1	org.l2jmobius.commons.util.IXmlReader	Buy price 20000000 is less than sell price 21379700 at entry 19 of multisell 88000006.
2024.12.24 15:20:43,346	WARNING	1	org.l2jmobius.commons.util.IXmlReader	Buy price 20000000 is less than sell price 21379700 at entry 20 of multisell 88000006.
2024.12.24 15:20:43,346	WARNING	1	org.l2jmobius.commons.util.IXmlReader	Buy price 20000000 is less than sell price 21379700 at entry 21 of multisell 88000006.
2024.12.24 15:20:43,346	WARNING	1	org.l2jmobius.commons.util.IXmlReader	Buy price 20000000 is less than sell price 21379700 at entry 22 of multisell 88000006.
2024.12.24 15:20:43,346	WARNING	1	org.l2jmobius.commons.util.IXmlReader	Buy price 20000000 is less than sell price 21379700 at entry 23 of multisell 88000006.
2024.12.24 15:20:43,346	WARNING	1	org.l2jmobius.commons.util.IXmlReader	Buy price 20000000 is less than sell price 21379700 at entry 24 of multisell 88000006.
2024.12.24 15:20:43,346	WARNING	1	org.l2jmobius.commons.util.IXmlReader	Buy price 20000000 is less than sell price 21379700 at entry 25 of multisell 88000006.
2024.12.24 15:20:43,346	WARNING	1	org.l2jmobius.commons.util.IXmlReader	Buy price 20000000 is less than sell price 21379700 at entry 26 of multisell 88000006.
2024.12.24 15:20:43,346	WARNING	1	org.l2jmobius.commons.util.IXmlReader	Buy price 20000000 is less than sell price 21379700 at entry 27 of multisell 88000006.
2024.12.24 15:20:43,346	WARNING	1	org.l2jmobius.commons.util.IXmlReader	Buy price 20000000 is less than sell price 21379700 at entry 28 of multisell 88000006.
2024.12.24 15:20:43,346	WARNING	1	org.l2jmobius.commons.util.IXmlReader	Buy price 20000000 is less than sell price 21379700 at entry 29 of multisell 88000006.
2024.12.24 15:20:43,346	WARNING	1	org.l2jmobius.commons.util.IXmlReader	Buy price 20000000 is less than sell price 21379700 at entry 30 of multisell 88000006.
2024.12.24 15:20:43,346	WARNING	1	org.l2jmobius.commons.util.IXmlReader	Buy price 20000000 is less than sell price 21379700 at entry 31 of multisell 88000006.
2024.12.24 15:20:43,349	WARNING	1	org.l2jmobius.commons.util.IXmlReader	MultisellData: can't find product with itemId: 24123 in list: 80102
2024.12.24 15:20:43,349	WARNING	1	org.l2jmobius.commons.util.IXmlReader	MultisellData: can't find product with itemId: 24127 in list: 80102
2024.12.24 15:20:43,349	WARNING	1	org.l2jmobius.commons.util.IXmlReader	MultisellData: can't find product with itemId: 24126 in list: 80102
2024.12.24 15:20:43,349	WARNING	1	org.l2jmobius.commons.util.IXmlReader	MultisellData: can't find product with itemId: 24126 in list: 80102
2024.12.24 15:20:43,349	WARNING	1	org.l2jmobius.commons.util.IXmlReader	MultisellData: can't find product with itemId: 24126 in list: 80102
2024.12.24 15:20:43,349	WARNING	1	org.l2jmobius.commons.util.IXmlReader	MultisellData: can't find product with itemId: 24122 in list: 80102
2024.12.24 15:20:43,350	WARNING	1	org.l2jmobius.commons.util.IXmlReader	MultisellData: can't find ingredient with itemId: 33054 in list: 95505
2024.12.24 15:20:43,350	WARNING	1	org.l2jmobius.commons.util.IXmlReader	MultisellData: can't find ingredient with itemId: 33059 in list: 95505
2024.12.24 15:20:43,350	WARNING	1	org.l2jmobius.commons.util.IXmlReader	MultisellData: can't find ingredient with itemId: 33064 in list: 95505
2024.12.24 15:20:43,350	WARNING	1	org.l2jmobius.commons.util.IXmlReader	MultisellData: can't find ingredient with itemId: 33050 in list: 95505
2024.12.24 15:20:43,350	WARNING	1	org.l2jmobius.commons.util.IXmlReader	MultisellData: can't find ingredient with itemId: 33055 in list: 95505
2024.12.24 15:20:43,350	WARNING	1	org.l2jmobius.commons.util.IXmlReader	MultisellData: can't find ingredient with itemId: 33060 in list: 95505
2024.12.24 15:20:43,350	WARNING	1	org.l2jmobius.commons.util.IXmlReader	MultisellData: can't find ingredient with itemId: 33051 in list: 95505
2024.12.24 15:20:43,350	WARNING	1	org.l2jmobius.commons.util.IXmlReader	MultisellData: can't find ingredient with itemId: 33056 in list: 95505
2024.12.24 15:20:43,350	WARNING	1	org.l2jmobius.commons.util.IXmlReader	MultisellData: can't find ingredient with itemId: 33061 in list: 95505
2024.12.24 15:20:43,350	WARNING	1	org.l2jmobius.commons.util.IXmlReader	MultisellData: can't find ingredient with itemId: 33052 in list: 95505
2024.12.24 15:20:43,350	WARNING	1	org.l2jmobius.commons.util.IXmlReader	MultisellData: can't find ingredient with itemId: 33057 in list: 95505
2024.12.24 15:20:43,350	WARNING	1	org.l2jmobius.commons.util.IXmlReader	MultisellData: can't find ingredient with itemId: 33062 in list: 95505
2024.12.24 15:20:43,350	WARNING	1	org.l2jmobius.commons.util.IXmlReader	MultisellData: can't find ingredient with itemId: 33053 in list: 95505
2024.12.24 15:20:43,350	WARNING	1	org.l2jmobius.commons.util.IXmlReader	MultisellData: can't find ingredient with itemId: 33058 in list: 95505
2024.12.24 15:20:43,350	WARNING	1	org.l2jmobius.commons.util.IXmlReader	MultisellData: can't find ingredient with itemId: 33063 in list: 95505
2024.12.24 15:20:43,350	WARNING	1	org.l2jmobius.commons.util.IXmlReader	MultisellData: can't find ingredient with itemId: 33069 in list: 95505
2024.12.24 15:20:43,350	WARNING	1	org.l2jmobius.commons.util.IXmlReader	MultisellData: can't find ingredient with itemId: 33074 in list: 95505
2024.12.24 15:20:43,350	WARNING	1	org.l2jmobius.commons.util.IXmlReader	MultisellData: can't find ingredient with itemId: 33079 in list: 95505
2024.12.24 15:20:43,350	WARNING	1	org.l2jmobius.commons.util.IXmlReader	MultisellData: can't find ingredient with itemId: 33065 in list: 95505
2024.12.24 15:20:43,350	WARNING	1	org.l2jmobius.commons.util.IXmlReader	MultisellData: can't find ingredient with itemId: 33070 in list: 95505
2024.12.24 15:20:43,350	WARNING	1	org.l2jmobius.commons.util.IXmlReader	MultisellData: can't find ingredient with itemId: 33075 in list: 95505
2024.12.24 15:20:43,350	WARNING	1	org.l2jmobius.commons.util.IXmlReader	MultisellData: can't find ingredient with itemId: 33066 in list: 95505
2024.12.24 15:20:43,350	WARNING	1	org.l2jmobius.commons.util.IXmlReader	MultisellData: can't find ingredient with itemId: 33071 in list: 95505
2024.12.24 15:20:43,350	WARNING	1	org.l2jmobius.commons.util.IXmlReader	MultisellData: can't find ingredient with itemId: 33076 in list: 95505
2024.12.24 15:20:43,350	WARNING	1	org.l2jmobius.commons.util.IXmlReader	MultisellData: can't find ingredient with itemId: 33067 in list: 95505
2024.12.24 15:20:43,350	WARNING	1	org.l2jmobius.commons.util.IXmlReader	MultisellData: can't find ingredient with itemId: 33072 in list: 95505
2024.12.24 15:20:43,350	WARNING	1	org.l2jmobius.commons.util.IXmlReader	MultisellData: can't find ingredient with itemId: 33062 in list: 95505
2024.12.24 15:20:43,350	WARNING	1	org.l2jmobius.commons.util.IXmlReader	MultisellData: can't find ingredient with itemId: 33077 in list: 95505
2024.12.24 15:20:43,350	WARNING	1	org.l2jmobius.commons.util.IXmlReader	MultisellData: can't find ingredient with itemId: 33068 in list: 95505
2024.12.24 15:20:43,351	WARNING	1	org.l2jmobius.commons.util.IXmlReader	MultisellData: can't find ingredient with itemId: 33073 in list: 95505
2024.12.24 15:20:43,351	WARNING	1	org.l2jmobius.commons.util.IXmlReader	MultisellData: can't find ingredient with itemId: 33078 in list: 95505
2024.12.24 15:20:43,351	WARNING	1	org.l2jmobius.commons.util.IXmlReader	MultisellData: can't find ingredient with itemId: 23000 in list: 95507
2024.12.24 15:20:43,351	WARNING	1	org.l2jmobius.commons.util.IXmlReader	MultisellData: can't find ingredient with itemId: 23000 in list: 95507
2024.12.24 15:20:43,351	WARNING	1	org.l2jmobius.commons.util.IXmlReader	MultisellData: can't find ingredient with itemId: 23000 in list: 95507
2024.12.24 15:20:43,351	WARNING	1	org.l2jmobius.commons.util.IXmlReader	MultisellData: can't find ingredient with itemId: 23000 in list: 95507
2024.12.24 15:20:43,351	WARNING	1	org.l2jmobius.commons.util.IXmlReader	MultisellData: can't find ingredient with itemId: 23000 in list: 95507
2024.12.24 15:20:43,351	WARNING	1	org.l2jmobius.commons.util.IXmlReader	MultisellData: can't find ingredient with itemId: 23000 in list: 95507
2024.12.24 15:20:43,351	WARNING	1	org.l2jmobius.commons.util.IXmlReader	MultisellData: can't find ingredient with itemId: 23000 in list: 95507
2024.12.24 15:20:43,351	WARNING	1	org.l2jmobius.commons.util.IXmlReader	MultisellData: can't find ingredient with itemId: 23000 in list: 95507
2024.12.24 15:20:43,351	WARNING	1	org.l2jmobius.commons.util.IXmlReader	MultisellData: can't find ingredient with itemId: 23000 in list: 95507
2024.12.24 15:20:43,351	WARNING	1	org.l2jmobius.commons.util.IXmlReader	MultisellData: can't find ingredient with itemId: 23000 in list: 95507
2024.12.24 15:20:43,351	WARNING	1	org.l2jmobius.commons.util.IXmlReader	MultisellData: can't find ingredient with itemId: 23000 in list: 95507
2024.12.24 15:20:43,351	WARNING	1	org.l2jmobius.commons.util.IXmlReader	MultisellData: can't find ingredient with itemId: 23000 in list: 95507
2024.12.24 15:20:43,351	WARNING	1	org.l2jmobius.commons.util.IXmlReader	MultisellData: can't find product with itemId: 24123 in list: 80152
2024.12.24 15:20:43,351	WARNING	1	org.l2jmobius.commons.util.IXmlReader	MultisellData: can't find product with itemId: 24127 in list: 80152
2024.12.24 15:20:43,351	WARNING	1	org.l2jmobius.commons.util.IXmlReader	MultisellData: can't find product with itemId: 24126 in list: 80152
2024.12.24 15:20:43,351	WARNING	1	org.l2jmobius.commons.util.IXmlReader	MultisellData: can't find product with itemId: 24126 in list: 80152
2024.12.24 15:20:43,351	WARNING	1	org.l2jmobius.commons.util.IXmlReader	MultisellData: can't find product with itemId: 24126 in list: 80152
2024.12.24 15:20:43,351	WARNING	1	org.l2jmobius.commons.util.IXmlReader	MultisellData: can't find product with itemId: 24122 in list: 80152
2024.12.24 15:20:43,352	WARNING	1	org.l2jmobius.commons.util.IXmlReader	MultisellData: can't find product with itemId: 24123 in list: 80202
2024.12.24 15:20:43,353	WARNING	1	org.l2jmobius.commons.util.IXmlReader	MultisellData: can't find product with itemId: 24127 in list: 80202
2024.12.24 15:20:43,353	WARNING	1	org.l2jmobius.commons.util.IXmlReader	MultisellData: can't find product with itemId: 24126 in list: 80202
2024.12.24 15:20:43,353	WARNING	1	org.l2jmobius.commons.util.IXmlReader	MultisellData: can't find product with itemId: 24126 in list: 80202
2024.12.24 15:20:43,353	WARNING	1	org.l2jmobius.commons.util.IXmlReader	MultisellData: can't find product with itemId: 24126 in list: 80202
2024.12.24 15:20:43,353	WARNING	1	org.l2jmobius.commons.util.IXmlReader	MultisellData: can't find product with itemId: 24122 in list: 80202
2024.12.24 15:20:43,355	WARNING	1	org.l2jmobius.commons.util.IXmlReader	MultisellData: can't find product with itemId: 24123 in list: 80252
2024.12.24 15:20:43,355	WARNING	1	org.l2jmobius.commons.util.IXmlReader	MultisellData: can't find product with itemId: 24127 in list: 80252
2024.12.24 15:20:43,355	WARNING	1	org.l2jmobius.commons.util.IXmlReader	MultisellData: can't find product with itemId: 24126 in list: 80252
2024.12.24 15:20:43,355	WARNING	1	org.l2jmobius.commons.util.IXmlReader	MultisellData: can't find product with itemId: 24126 in list: 80252
2024.12.24 15:20:43,355	WARNING	1	org.l2jmobius.commons.util.IXmlReader	MultisellData: can't find product with itemId: 24126 in list: 80252
2024.12.24 15:20:43,355	WARNING	1	org.l2jmobius.commons.util.IXmlReader	MultisellData: can't find product with itemId: 24122 in list: 80252
2024.12.24 15:20:43,360	INFO	1	org.l2jmobius.commons.util.IXmlReader	MultisellData: Loaded 285 multisell lists.
2024.12.24 15:20:43,384	INFO	1	org.l2jmobius.commons.util.IXmlReader	RecipeData: Loaded 1000 recipes.
2024.12.24 15:20:43,402	INFO	1	org.l2jmobius.commons.util.IXmlReader	ArmorSetData: Loaded 213 armor sets.
2024.12.24 15:20:43,407	INFO	1	org.l2jmobius.commons.util.IXmlReader	FishData: Loaded 278 fishes.
2024.12.24 15:20:43,408	INFO	1	org.l2jmobius.commons.util.IXmlReader	FishingMonstersData: Loaded 8 fishing monsters.
2024.12.24 15:20:43,410	INFO	1	org.l2jmobius.commons.util.IXmlReader	FishingRodsData: Loaded 6 fishing rods.
2024.12.24 15:20:43,422	INFO	1	org.l2jmobius.commons.util.IXmlReader	HennaData: Loaded 180 henna data.
2024.12.24 15:20:43,423	INFO	1	org.l2jmobius.gameserver.GameServer	----------------------------------------------=[ Characters ]
2024.12.24 15:20:43,425	INFO	1	org.l2jmobius.commons.util.IXmlReader	ClassListData: Loaded 103 class data.
2024.12.24 15:20:43,427	INFO	1	org.l2jmobius.commons.util.IXmlReader	InitialEquipmentData: Loaded 11 initial equipment data.
2024.12.24 15:20:43,430	INFO	1	org.l2jmobius.commons.util.IXmlReader	InitialShortcutData: Loaded 5 initial global shortcut data.
2024.12.24 15:20:43,430	INFO	1	org.l2jmobius.commons.util.IXmlReader	InitialShortcutData: Loaded 4 initial shortcut data.
2024.12.24 15:20:43,430	INFO	1	org.l2jmobius.commons.util.IXmlReader	InitialShortcutData: Loaded 0 macro presets.
2024.12.24 15:20:43,431	INFO	1	org.l2jmobius.gameserver.data.xml.ExperienceData	ExperienceData: Loaded 86 levels.
2024.12.24 15:20:43,431	INFO	1	org.l2jmobius.gameserver.data.xml.ExperienceData	ExperienceData: Max Player Level is 85.
2024.12.24 15:20:43,431	INFO	1	org.l2jmobius.gameserver.data.xml.ExperienceData	ExperienceData: Max Pet Level is 85.
2024.12.24 15:20:43,433	INFO	1	org.l2jmobius.commons.util.IXmlReader	KarmaData: Loaded 85 karma modifiers.
2024.12.24 15:20:43,434	INFO	1	org.l2jmobius.commons.util.IXmlReader	HitConditionBonusData: Loaded hit condition bonuses.
2024.12.24 15:20:43,553	INFO	1	org.l2jmobius.gameserver.data.xml.PlayerTemplateData	PlayerTemplateData: Loaded 103 character templates.
2024.12.24 15:20:43,553	INFO	1	org.l2jmobius.gameserver.data.xml.PlayerTemplateData	PlayerTemplateData: Loaded 52530 level up gain records.
2024.12.24 15:20:43,554	INFO	1	org.l2jmobius.gameserver.data.sql.CharInfoTable	CharInfoTable: Loaded 0 char names.
2024.12.24 15:20:43,556	INFO	1	org.l2jmobius.commons.util.IXmlReader	AdminData: Loaded 10 access levels.
2024.12.24 15:20:43,558	INFO	1	org.l2jmobius.commons.util.IXmlReader	AdminData: Loaded 438 access commands.
2024.12.24 15:20:43,559	INFO	1	org.l2jmobius.gameserver.instancemanager.RaidBossPointsManager	RaidBossPointsManager: Loaded 0 Characters Raid Points.
2024.12.24 15:20:43,694	INFO	1	org.l2jmobius.commons.util.IXmlReader	PetDataTable: Loaded 49 pets.
2024.12.24 15:20:43,695	INFO	1	org.l2jmobius.gameserver.GameServer	---------------------------------------------------=[ Clans ]
2024.12.24 15:20:43,699	INFO	1	org.l2jmobius.gameserver.communitybbs.Manager.ForumsBBSManager	ForumsBBSManager: Loaded 4 forums. Last forum id used: 4
2024.12.24 15:20:43,700	INFO	1	org.l2jmobius.gameserver.data.sql.ClanTable	ClanTable: Restored 0 clans from the database.
2024.12.24 15:20:43,702	INFO	1	org.l2jmobius.gameserver.instancemanager.CHSiegeManager	CHSiegeManager: Loaded 6 conquerable clan halls.
2024.12.24 15:20:43,712	INFO	1	org.l2jmobius.gameserver.instancemanager.ClanHallAuctionManager	ClanHallAuctionManager: Loaded 38 auction(s)
2024.12.24 15:20:43,712	INFO	1	org.l2jmobius.gameserver.data.sql.ClanHallTable	ClanHallTable: Loaded 0 clan halls
2024.12.24 15:20:43,713	INFO	1	org.l2jmobius.gameserver.data.sql.ClanHallTable	ClanHallTable: Loaded 38 free clan halls
2024.12.24 15:20:43,713	INFO	1	org.l2jmobius.gameserver.GameServer	-------------------------------------------------=[ Geodata ]
2024.12.24 15:20:43,719	INFO	1	org.l2jmobius.gameserver.geoengine.GeoEngine	GeoEngine: Loaded 0 regions.
2024.12.24 15:20:43,720	INFO	1	org.l2jmobius.gameserver.GameServer	----------------------------------------------------=[ NPCs ]
2024.12.24 15:20:43,737	INFO	1	org.l2jmobius.gameserver.instancemanager.ZoneManager	ZoneManager 17 by 18 Zone Region Grid set up.
2024.12.24 15:20:44,685	INFO	1	org.l2jmobius.commons.util.IXmlReader	NpcData: Loaded 10461 NPCs.
2024.12.24 15:20:44,695	INFO	1	org.l2jmobius.commons.util.IXmlReader	NpcData: Loaded 33 custom NPCs.
2024.12.24 15:20:44,699	INFO	1	org.l2jmobius.commons.util.IXmlReader	SkillLearnData: Loaded 256 skill learn data.
2024.12.24 15:20:44,703	INFO	1	org.l2jmobius.gameserver.instancemanager.GrandBossManager	GrandBossManager: Gigantic Chaos Golem(25512) status is 0.
2024.12.24 15:20:44,704	INFO	1	org.l2jmobius.gameserver.instancemanager.GrandBossManager	GrandBossManager: 巨蚁女王(29001) status is 0.
2024.12.24 15:20:44,704	INFO	1	org.l2jmobius.gameserver.instancemanager.GrandBossManager	GrandBossManager: 核心(29006) status is 0.
2024.12.24 15:20:44,704	INFO	1	org.l2jmobius.gameserver.instancemanager.GrandBossManager	GrandBossManager: 奥尔芬(29014) status is 0.
2024.12.24 15:20:44,704	INFO	1	org.l2jmobius.gameserver.instancemanager.GrandBossManager	GrandBossManager: 巴温(29020) status is 0.
2024.12.24 15:20:44,704	INFO	1	org.l2jmobius.gameserver.instancemanager.GrandBossManager	GrandBossManager: 巴拉卡斯(29028) status is 0.
2024.12.24 15:20:44,704	INFO	1	org.l2jmobius.gameserver.instancemanager.GrandBossManager	GrandBossManager: 安塔瑞斯(29068) status is 0.
2024.12.24 15:20:44,704	INFO	1	org.l2jmobius.gameserver.instancemanager.GrandBossManager	GrandBossManager: Beleth(29118) status is 0.
2024.12.24 15:20:44,704	INFO	1	org.l2jmobius.gameserver.instancemanager.GrandBossManager	GrandBossManager: Loaded 8 Instances
2024.12.24 15:20:44,783	INFO	1	org.l2jmobius.gameserver.instancemanager.ZoneManager	ZoneManager: Loaded 30 zone classes and 2841 zones.
2024.12.24 15:20:44,785	INFO	1	org.l2jmobius.gameserver.instancemanager.ZoneManager	ZoneManager: Last static id 200105.
2024.12.24 15:20:44,829	INFO	1	org.l2jmobius.commons.util.IXmlReader	DoorData: Loaded 1301 doors.
2024.12.24 15:20:44,834	INFO	1	FenceData	FenceData: Loaded 1 fences.
2024.12.24 15:20:44,835	INFO	1	org.l2jmobius.gameserver.data.xml.FakePlayerData	FakePlayerData: Disabled.
2024.12.24 15:20:44,836	INFO	1	org.l2jmobius.gameserver.instancemanager.FakePlayerChatManager	FakePlayerChatManager: Disabled.
2024.12.24 15:20:45,650	INFO	1	org.l2jmobius.gameserver.instancemanager.WalkingManager	WalkingManager: Loaded 123 walking routes.
2024.12.24 15:20:45,655	INFO	1	org.l2jmobius.commons.util.IXmlReader	StaticObjectData: Loaded 51 static object templates.
2024.12.24 15:20:45,660	INFO	1	org.l2jmobius.gameserver.model.itemauction.ItemAuctionInstance	ItemAuctionInstance: Loaded 82 item(s) and registered 1 auction(s) for instance 32320.
2024.12.24 15:20:45,662	INFO	1	org.l2jmobius.gameserver.model.itemauction.ItemAuctionInstance	ItemAuctionInstance: Schedule next auction 1 on 17:00:00 27.12.24 for instance 32320
2024.12.24 15:20:45,663	INFO	1	org.l2jmobius.gameserver.model.itemauction.ItemAuctionInstance	ItemAuctionInstance: Loaded 82 item(s) and registered 1 auction(s) for instance 32321.
2024.12.24 15:20:45,663	INFO	1	org.l2jmobius.gameserver.model.itemauction.ItemAuctionInstance	ItemAuctionInstance: Schedule next auction 2 on 17:00:00 30.12.24 for instance 32321
2024.12.24 15:20:45,664	INFO	1	org.l2jmobius.gameserver.model.itemauction.ItemAuctionInstance	ItemAuctionInstance: Loaded 82 item(s) and registered 1 auction(s) for instance 32322.
2024.12.24 15:20:45,664	INFO	1	org.l2jmobius.gameserver.model.itemauction.ItemAuctionInstance	ItemAuctionInstance: Schedule next auction 3 on 17:00:00 25.12.24 for instance 32322
2024.12.24 15:20:45,664	INFO	1	org.l2jmobius.gameserver.instancemanager.ItemAuctionManager	ItemAuctionManager: Loaded 3 instance(s).
2024.12.24 15:20:45,668	INFO	1	org.l2jmobius.gameserver.instancemanager.CastleManager	CastleManager: Loaded 9 castles
2024.12.24 15:20:45,671	INFO	1	org.l2jmobius.gameserver.data.SchemeBufferTable	SchemeBufferTable: Loaded 0 players schemes and 60 available buffs.
2024.12.24 15:20:45,671	INFO	1	org.l2jmobius.gameserver.instancemanager.GrandBossManager	GrandBossManager: Initialized 12 Grand Boss Zones
2024.12.24 15:20:45,672	INFO	1	org.l2jmobius.gameserver.GameServer	------------------------------------------------=[ Olympiad ]
2024.12.24 15:20:45,675	INFO	1	org.l2jmobius.gameserver.model.olympiad.Olympiad	Olympiad System: Loading....
2024.12.24 15:20:45,675	INFO	1	org.l2jmobius.gameserver.model.olympiad.Olympiad	Olympiad System: Currently in Olympiad Period
2024.12.24 15:20:45,675	INFO	1	org.l2jmobius.gameserver.model.olympiad.Olympiad	Olympiad System: 7 days, 20 hours and 39 mins until period ends.
2024.12.24 15:20:45,675	INFO	1	org.l2jmobius.gameserver.model.olympiad.Olympiad	Olympiad System: Next weekly change is in 6 days, 22 hours and 8 mins.
2024.12.24 15:20:45,675	INFO	1	org.l2jmobius.gameserver.model.olympiad.Olympiad	Olympiad System: Loaded 0 Nobles
2024.12.24 15:20:45,677	INFO	1	org.l2jmobius.gameserver.model.olympiad.Olympiad	Olympiad System: Competition Period Starts in 0 days, 2 hours and 40 mins.
2024.12.24 15:20:45,683	INFO	1	org.l2jmobius.gameserver.model.olympiad.Olympiad	Olympiad System: Event starts/started: Tue Dec 24 18:00:45 CST 2024
2024.12.24 15:20:45,684	INFO	1	org.l2jmobius.gameserver.model.olympiad.Hero	Hero System: Loaded 0 Heroes.
2024.12.24 15:20:45,684	INFO	1	org.l2jmobius.gameserver.model.olympiad.Hero	Hero System: Loaded 0 all time Heroes.
2024.12.24 15:20:45,684	INFO	1	org.l2jmobius.gameserver.GameServer	---------------------------------------------=[ Seven Signs ]
2024.12.24 15:20:45,685	INFO	1	org.l2jmobius.gameserver.model.sevensigns.SevenSigns	SevenSigns: Currently in the Competition (Quest Event) period!
2024.12.24 15:20:45,686	INFO	1	org.l2jmobius.gameserver.model.sevensigns.SevenSigns	SevenSigns: The Seal of Avarice remains unclaimed.
2024.12.24 15:20:45,686	INFO	1	org.l2jmobius.gameserver.model.sevensigns.SevenSigns	SevenSigns: The Seal of Gnosis remains unclaimed.
2024.12.24 15:20:45,686	INFO	1	org.l2jmobius.gameserver.model.sevensigns.SevenSigns	SevenSigns: The Seal of Strife remains unclaimed.
2024.12.24 15:20:45,686	INFO	1	org.l2jmobius.gameserver.model.sevensigns.SevenSigns	SevenSigns: The competition, if the current trend continues, will end in a tie this week.
2024.12.24 15:20:45,686	INFO	1	org.l2jmobius.gameserver.model.sevensigns.SevenSigns	SevenSigns: Next period change set to Mon Dec 30 18:00:45 CST 2024
2024.12.24 15:20:45,686	INFO	1	org.l2jmobius.gameserver.model.sevensigns.SevenSigns	SevenSigns: Next period begins in 6 days, 2 hours and 39 mins.
2024.12.24 15:20:45,686	INFO	1	org.l2jmobius.gameserver.GameServer	---------------------------------------------------=[ Cache ]
2024.12.24 15:20:45,687	INFO	1	org.l2jmobius.gameserver.cache.HtmCache	Html cache start...
2024.12.24 15:20:47,201	INFO	1	org.l2jmobius.gameserver.cache.HtmCache	Cache[HTML]: 10.544 megabytes on 22346 files loaded.
2024.12.24 15:20:47,202	INFO	1	org.l2jmobius.gameserver.data.sql.CrestTable	CrestTable: Loaded 0 Crests.
2024.12.24 15:20:47,204	INFO	1	org.l2jmobius.gameserver.data.sql.TeleportLocationTable	TeleportLocationTable: Loaded 957 teleport location templates.
2024.12.24 15:20:47,207	INFO	1	org.l2jmobius.gameserver.data.xml.UIData	UIData: Loaded 4 keys 5 categories.
2024.12.24 15:20:47,247	INFO	1	org.l2jmobius.gameserver.data.AugmentationData	AugmentationData: Loaded 33960 augmentations.
2024.12.24 15:20:47,247	INFO	1	org.l2jmobius.gameserver.data.AugmentationData	AugmentationData: Loaded 2754 accessory augmentations.
2024.12.24 15:20:47,250	INFO	1	org.l2jmobius.gameserver.instancemanager.CursedWeaponsManager	CursedWeaponsManager: Loaded : 2 cursed weapon(s).
2024.12.24 15:20:47,407	INFO	1	org.l2jmobius.commons.util.IXmlReader	TransformData: Loaded 111 transform templates.
2024.12.24 15:20:47,413	INFO	1	org.l2jmobius.gameserver.data.BotReportTable	BotReportTable: Loaded 0 bot reports
2024.12.24 15:20:47,414	INFO	1	org.l2jmobius.gameserver.GameServer	-------------------------------------------------=[ Scripts ]
2024.12.24 15:20:47,416	INFO	1	org.l2jmobius.gameserver.instancemanager.AirShipManager	AirShipManager: Loaded 0 private airships
2024.12.24 15:20:47,416	INFO	1	org.l2jmobius.gameserver.instancemanager.SoDManager	Seed of Destruction Manager: Loaded. Current stage is: 1
2024.12.24 15:20:47,416	INFO	1	org.l2jmobius.gameserver.instancemanager.SoIManager	Seed of Infinity Manager: Loaded. Current stage is: 1
2024.12.24 15:20:47,418	INFO	1	org.l2jmobius.gameserver.data.xml.suijizz	随机制作: 读取 31 个物品制作数据.
2024.12.24 15:20:47,419	INFO	1	org.l2jmobius.gameserver.data.xml.suijizz	随机制作: 读取 31 个物品制作数据.
2024.12.24 15:20:47,419	INFO	1	org.l2jmobius.gameserver.GameServer	Loading server scripts...
2024.12.24 15:20:48,487	INFO	1	handlers.MasterHandler	Loading Handlers...
2024.12.24 15:20:48,601	INFO	1	handlers.MasterHandler	ActionHandler: Loaded 10 handlers.
2024.12.24 15:20:48,601	INFO	1	handlers.MasterHandler	ActionShiftHandler: Loaded 6 handlers.
2024.12.24 15:20:48,601	INFO	1	handlers.MasterHandler	AdminCommandHandler: Loaded 443 handlers.
2024.12.24 15:20:48,601	INFO	1	handlers.MasterHandler	BypassHandler: Loaded 47 handlers.
2024.12.24 15:20:48,601	INFO	1	handlers.MasterHandler	ChatHandler: Loaded 14 handlers.
2024.12.24 15:20:48,601	INFO	1	handlers.MasterHandler	CommunityBoardHandler: Loaded 19 handlers.
2024.12.24 15:20:48,601	INFO	1	handlers.MasterHandler	ItemHandler: Loaded 30 handlers.
2024.12.24 15:20:48,601	INFO	1	handlers.MasterHandler	PunishmentHandler: Loaded 3 handlers.
2024.12.24 15:20:48,601	INFO	1	handlers.MasterHandler	UserCommandHandler: Loaded 17 handlers.
2024.12.24 15:20:48,601	INFO	1	handlers.MasterHandler	VoicedCommandHandler: Loaded 11 handlers.
2024.12.24 15:20:48,601	INFO	1	handlers.MasterHandler	TargetHandler: Loaded 34 handlers.
2024.12.24 15:20:48,601	INFO	1	handlers.MasterHandler	Handlers Loaded...
2024.12.24 15:20:51,452	INFO	1	org.l2jmobius.gameserver.model.events.AbstractScript	Handy's Block Checker Event is enabled
2024.12.24 15:20:51,456	INFO	1	org.l2jmobius.gameserver.model.events.AbstractScript	Fantasy Isle: Parade starting at 2024/12/24 17:20 and is scheduled each next 1 hours.
2024.12.24 15:20:51,460	INFO	1	org.l2jmobius.gameserver.model.events.AbstractScript	Fantasy Isle: MC show script starting at 24/12/2024 15:45:51 and is scheduled each next 4 hours.
2024.12.24 15:20:51,478	INFO	1	ai.areas.Gracia.GraciaLoader	GraciaLoader: Loading Gracia related scripts.
2024.12.24 15:20:51,683	INFO	1	ai.areas.Hellbound.HellboundLoader	HellboundLoader: Loading Hellbound related scripts:
2024.12.24 15:20:51,685	INFO	1	org.l2jmobius.commons.util.IXmlReader	HellboundPointData: Loaded 47 trust point reward data.
2024.12.24 15:20:51,694	INFO	1	org.l2jmobius.commons.util.IXmlReader	HellboundSpawns: Loaded 598 Hellbound spawns.
2024.12.24 15:20:51,695	INFO	1	org.l2jmobius.gameserver.model.events.AbstractScript	HellboundEngine: Level: 11
2024.12.24 15:20:51,695	INFO	1	org.l2jmobius.gameserver.model.events.AbstractScript	HellboundEngine: Trust: 4000000
2024.12.24 15:20:51,695	INFO	1	org.l2jmobius.gameserver.model.events.AbstractScript	HellboundEngine: Status: unlocked.
2024.12.24 15:20:51,735	INFO	1	org.l2jmobius.gameserver.instancemanager.RaidBossSpawnManager	RaidBossSpawnManager: Loaded 187 Instances
2024.12.24 15:20:51,735	INFO	1	org.l2jmobius.gameserver.instancemanager.RaidBossSpawnManager	RaidBossSpawnManager: Scheduled 0 Instances
2024.12.24 15:20:51,801	INFO	1	org.l2jmobius.commons.util.IXmlReader	NpcBuffersData: Loaded 33 buffers data.
2024.12.24 15:20:51,825	CONFIG	1	org.l2jmobius.gameserver.model.events.AbstractScript	Devastated Castle siege scheduled for Tue Jan 07 12:00:00 CST 2025.
2024.12.24 15:20:51,827	CONFIG	1	org.l2jmobius.gameserver.model.events.AbstractScript	Bandit StrongHold siege scheduled for Tue Jan 07 12:00:00 CST 2025.
2024.12.24 15:20:51,829	CONFIG	1	org.l2jmobius.gameserver.model.events.AbstractScript	Beast Farm siege scheduled for Tue Jan 07 12:00:00 CST 2025.
2024.12.24 15:20:51,830	CONFIG	1	org.l2jmobius.gameserver.model.events.AbstractScript	Fortress of Resistance siege scheduled for Tue Jan 07 12:00:00 CST 2025.
2024.12.24 15:20:51,830	CONFIG	1	org.l2jmobius.gameserver.model.events.AbstractScript	Fortress of the Dead siege scheduled for Tue Jan 07 12:00:00 CST 2025.
2024.12.24 15:20:51,831	CONFIG	1	org.l2jmobius.gameserver.model.events.AbstractScript	Rainbow Springs siege scheduled for Tue Jan 07 12:00:00 CST 2025.
2024.12.24 15:20:51,866	INFO	1	org.l2jmobius.gameserver.model.events.AbstractScript	Event 芙蕾雅庆典 has passed... Ignored 
2024.12.24 15:20:51,867	INFO	1	org.l2jmobius.gameserver.model.events.AbstractScript	Event 活力的礼物 has passed... Ignored 
2024.12.24 15:20:51,868	INFO	1	org.l2jmobius.gameserver.model.events.AbstractScript	Event 纪念章活动 has passed... Ignored 
2024.12.24 15:20:51,869	INFO	1	org.l2jmobius.gameserver.model.events.AbstractScript	Event 收集组合文字 has passed... Ignored 
2024.12.24 15:20:51,870	INFO	1	org.l2jmobius.gameserver.model.events.AbstractScript	Event 爱你守门人 has passed... Ignored 
2024.12.24 15:20:51,871	INFO	1	org.l2jmobius.gameserver.model.events.AbstractScript	Event 余义的强化 has passed... Ignored 
2024.12.24 15:20:51,876	INFO	1	org.l2jmobius.gameserver.model.events.AbstractScript	Event 救圣诞老人 has passed... Ignored 
2024.12.24 15:20:51,877	INFO	1	org.l2jmobius.gameserver.model.events.AbstractScript	Event 情人节活动 has passed... Ignored 
2024.12.24 15:20:51,879	INFO	1	org.l2jmobius.gameserver.model.events.AbstractScript	Event Watermelon Ninja has passed... Ignored 
2024.12.24 15:20:51,895	INFO	1	instances.FinalEmperialTomb.FinalEmperialTomb	[Final Emperial Tomb] Loaded 26 spawn zones data.
2024.12.24 15:20:51,895	INFO	1	instances.FinalEmperialTomb.FinalEmperialTomb	[Final Emperial Tomb] Loaded 94 spawns data.
2024.12.24 15:20:52,066	INFO	1	org.l2jmobius.gameserver.model.events.AbstractScript	[EnhanceYourWeapon] Loaded 54 Soul Crystal data.
2024.12.24 15:20:52,066	INFO	1	org.l2jmobius.gameserver.model.events.AbstractScript	[EnhanceYourWeapon] Loaded 240 npc Leveling info data.
2024.12.24 15:20:52,095	INFO	1	org.l2jmobius.gameserver.model.events.AbstractScript	TerritoryWarSuperClass: Siege date: Sun Jan 05 22:00:00 CST 2025
2024.12.24 15:20:52,107	WARNING	1	org.l2jmobius.gameserver.scripting.ScriptEngineManager	ScriptEngine: E:\L2_Mobius_85\SRC\dist\game\data\scripts\ai\bosses\FLY\FLY.java failed execution!
2024.12.24 15:20:52,110	WARNING	1	org.l2jmobius.gameserver.scripting.ScriptEngineManager	ScriptEngine: E:\L2_Mobius_85\SRC\dist\game\data\scripts\ai\bosses\LINDE\LINDE.java failed execution!
2024.12.24 15:20:52,111	WARNING	1	org.l2jmobius.gameserver.scripting.ScriptEngineManager	ScriptEngine: E:\L2_Mobius_85\SRC\dist\game\data\scripts\ai\bosses\BEL\BEL.java failed execution!
2024.12.24 15:20:52,111	INFO	1	org.l2jmobius.gameserver.data.SpawnTable	SpawnTable: Initializing spawns...
2024.12.24 15:20:52,701	INFO	74	org.l2jmobius.gameserver.model.events.AbstractScript	HellboundEngine: Spawned 424 NPCs.
2024.12.24 15:20:52,846	INFO	1	org.l2jmobius.gameserver.data.SpawnTable	SpawnTable: 46196 spawns have been initialized!
2024.12.24 15:20:52,847	INFO	1	org.l2jmobius.gameserver.instancemanager.DayNightSpawnManager	DayNightSpawnManager: Removed 0 night creatures
2024.12.24 15:20:52,849	INFO	1	org.l2jmobius.gameserver.instancemanager.DayNightSpawnManager	DayNightSpawnManager: Spawned 232 day creatures
2024.12.24 15:20:52,851	INFO	1	org.l2jmobius.gameserver.instancemanager.FourSepulchersManager	FourSepulchersManager: loaded 20 Mysterious-Box spawns.
2024.12.24 15:20:52,859	INFO	1	org.l2jmobius.gameserver.instancemanager.FourSepulchersManager	FourSepulchersManager: loaded 716 Physical type monsters spawns.
2024.12.24 15:20:52,867	INFO	1	org.l2jmobius.gameserver.instancemanager.FourSepulchersManager	FourSepulchersManager: loaded 716 Magical type monsters spawns.
2024.12.24 15:20:52,869	INFO	1	org.l2jmobius.gameserver.instancemanager.FourSepulchersManager	FourSepulchersManager: loaded 92 Church of duke monsters spawns.
2024.12.24 15:20:52,871	INFO	1	org.l2jmobius.gameserver.instancemanager.FourSepulchersManager	FourSepulchersManager: loaded 68 Emperor's grave NPC spawns.
2024.12.24 15:20:52,871	INFO	1	org.l2jmobius.gameserver.instancemanager.FourSepulchersManager	FourSepulchersManager: spawned Conquerors' Sepulcher Manager
2024.12.24 15:20:52,871	INFO	1	org.l2jmobius.gameserver.instancemanager.FourSepulchersManager	FourSepulchersManager: spawned Emperors' Sepulcher Manager
2024.12.24 15:20:52,871	INFO	1	org.l2jmobius.gameserver.instancemanager.FourSepulchersManager	FourSepulchersManager: spawned Great Sages' Sepulcher Manager
2024.12.24 15:20:52,872	INFO	1	org.l2jmobius.gameserver.instancemanager.FourSepulchersManager	FourSepulchersManager: spawned Judges' Sepulcher Manager
2024.12.24 15:20:52,872	INFO	1	org.l2jmobius.gameserver.instancemanager.FourSepulchersManager	FourSepulchersManager: Beginning in Attack time
2024.12.24 15:20:52,874	INFO	1	org.l2jmobius.gameserver.instancemanager.DimensionalRiftManager	DimensionalRiftManager: Loaded 7 room types with 56 rooms.
2024.12.24 15:20:52,876	INFO	1	org.l2jmobius.gameserver.instancemanager.DimensionalRiftManager	DimensionalRiftManager: Loaded 462 dimensional rift spawns, 0 errors.
2024.12.24 15:20:52,876	INFO	1	org.l2jmobius.gameserver.GameServer	---------------------------------------------------=[ Siege ]
2024.12.24 15:20:52,881	INFO	1	org.l2jmobius.gameserver.data.xml.SiegeScheduleData	SiegeScheduleData: Loaded 9 siege schedulers.
2024.12.24 15:20:52,881	INFO	1	org.l2jmobius.gameserver.model.siege.Siege	Siege of Gludio: Sun Jan 05 16:00:00 CST 2025
2024.12.24 15:20:52,882	INFO	1	org.l2jmobius.gameserver.model.siege.Siege	Siege of Dion: Sun Jan 05 20:00:00 CST 2025
2024.12.24 15:20:52,882	INFO	1	org.l2jmobius.gameserver.model.siege.Siege	Siege of Giran: Sun Jan 05 16:00:00 CST 2025
2024.12.24 15:20:52,882	INFO	1	org.l2jmobius.gameserver.model.siege.Siege	Siege of Oren: Sun Jan 05 20:00:00 CST 2025
2024.12.24 15:20:52,882	INFO	1	org.l2jmobius.gameserver.model.siege.Siege	Siege of Aden: Sun Jan 05 16:00:00 CST 2025
2024.12.24 15:20:52,882	INFO	1	org.l2jmobius.gameserver.model.siege.Siege	Siege of Innadril: Sun Jan 05 20:00:00 CST 2025
2024.12.24 15:20:52,882	INFO	1	org.l2jmobius.gameserver.model.siege.Siege	Siege of Goddard: Sun Jan 05 16:00:00 CST 2025
2024.12.24 15:20:52,882	INFO	1	org.l2jmobius.gameserver.model.siege.Siege	Siege of Rune: Sun Jan 05 20:00:00 CST 2025
2024.12.24 15:20:52,883	INFO	1	org.l2jmobius.gameserver.model.siege.Siege	Siege of Schuttgart: Sun Jan 05 16:00:00 CST 2025
2024.12.24 15:20:52,903	INFO	1	org.l2jmobius.gameserver.instancemanager.FortManager	FortManager: Loaded 21 fortress
2024.12.24 15:20:52,934	INFO	1	org.l2jmobius.commons.util.IXmlReader	CastleManorManager: Loaded 258 seeds.
2024.12.24 15:20:52,936	INFO	1	org.l2jmobius.commons.util.IXmlReader	CastleManorManager: Manor data loaded.
2024.12.24 15:20:52,937	INFO	1	org.l2jmobius.gameserver.instancemanager.MercTicketManager	MercTicketManager: Loaded 0 Mercenary Tickets
2024.12.24 15:20:52,937	INFO	1	org.l2jmobius.gameserver.instancemanager.QuestManager	QuestManager: Loaded 526 quests.
2024.12.24 15:20:52,937	INFO	1	org.l2jmobius.gameserver.instancemanager.QuestManager	QuestManager: Loaded 308 scripts.
2024.12.24 15:20:52,938	INFO	1	org.l2jmobius.gameserver.instancemanager.games.MonsterRace	MonsterRace: loaded 0 records, currently on race #1
2024.12.24 15:20:52,953	INFO	1	org.l2jmobius.gameserver.model.sevensigns.SevenSignsFestival	SevenSignsFestival: The first Festival of Darkness cycle begins in 2 minute(s).
2024.12.24 15:20:52,953	INFO	1	org.l2jmobius.gameserver.GameServer	AutoSpawnHandler: Loaded 129 handlers in total.
2024.12.24 15:20:52,960	INFO	1	org.l2jmobius.gameserver.taskmanager.TaskManager	TaskManager: Loaded 12 Tasks.
2024.12.24 15:20:52,961	INFO	1	org.l2jmobius.gameserver.instancemanager.MailManager	MailManager: Loaded 0 messages.
2024.12.24 15:20:52,962	INFO	1	org.l2jmobius.gameserver.instancemanager.PunishmentManager	PunishmentManager: Loaded 0 active and 0 expired punishments.
2024.12.24 15:20:52,963	INFO	1	org.l2jmobius.gameserver.GameServer	IdManager: Free ObjectID's remaining: 1878995865
2024.12.24 15:20:52,964	INFO	1	org.l2jmobius.gameserver.data.sql.OfflineTraderTable	OfflineTraderTable: Loading offline traders...
2024.12.24 15:20:52,965	INFO	1	org.l2jmobius.gameserver.data.sql.OfflineTraderTable	OfflineTraderTable: Loaded 0 offline traders.
2024.12.24 15:20:53,124	INFO	1	org.l2jmobius.gameserver.GameServer	GameServer: 已用内存:596 MB.总内存： 4096MB.
2024.12.24 15:20:53,124	INFO	1	org.l2jmobius.gameserver.GameServer	GameServer: 服务器最大连接数为: 2000.
2024.12.24 15:20:53,125	INFO	1	org.l2jmobius.gameserver.GameServer	GameServer: 服务器启动时间15 秒.
2024.12.24 15:20:53,130	INFO	203	org.l2jmobius.commons.network.NetServer	GameServer: Listening on port 7778 for incoming connections.
2024.12.24 15:20:53,133	INFO	204	org.l2jmobius.gameserver.LoginServerThread	LoginServerThread: Connecting to login on 127.0.0.1:9014
2024.12.24 15:20:53,192	INFO	204	org.l2jmobius.gameserver.LoginServerThread	LoginServerThread: Registered on login as Server 2: Sieghardt
2024.12.24 15:21:00,619	WARNING	35	org.l2jmobius.gameserver.Shutdown	Server scheduled restart issued shutdown command. Shutdown in 1 seconds!
2024.12.24 15:21:01,620	WARNING	228	org.l2jmobius.gameserver.Shutdown	GM shutdown countdown is over. shutting down NOW!
2024.12.24 15:21:01,620	INFO	228	org.l2jmobius.gameserver.Shutdown	All players disconnected and saved(0ms).
2024.12.24 15:21:01,620	INFO	228	org.l2jmobius.gameserver.Shutdown	Game Time Task Manager: Thread interruped(0ms).
2024.12.24 15:21:01,620	INFO	228	org.l2jmobius.commons.threads.ThreadPool	ThreadPool: Shutting down.
2024.12.24 15:21:01,622	INFO	228	org.l2jmobius.gameserver.Shutdown	Thread Pool Manager: Manager has been shut down(2ms).
2024.12.24 15:21:01,622	INFO	228	org.l2jmobius.gameserver.Shutdown	Login Server Thread: Thread interruped(0ms).
2024.12.24 15:21:01,622	INFO	228	org.l2jmobius.gameserver.Shutdown	GM shutdown received. Shutting down NOW!
2024.12.24 15:21:01,631	INFO	228	org.l2jmobius.gameserver.Shutdown	SevenSignsFestival: Festival data saved(9ms).
2024.12.24 15:21:01,631	INFO	228	org.l2jmobius.gameserver.Shutdown	SevenSigns: Seven Signs data saved(0ms).
2024.12.24 15:21:01,633	INFO	228	org.l2jmobius.gameserver.Shutdown	SevenSigns: Seven Signs status saved(2ms).
2024.12.24 15:21:01,715	INFO	228	org.l2jmobius.gameserver.Shutdown	RaidBossSpawnManager: All raidboss info saved(81ms).
2024.12.24 15:21:01,719	INFO	228	org.l2jmobius.gameserver.Shutdown	GrandBossManager: All Grand Boss info saved(5ms).
2024.12.24 15:21:01,719	INFO	228	org.l2jmobius.gameserver.Shutdown	Item Auction Manager: All tasks stopped(0ms).
2024.12.24 15:21:01,719	INFO	228	org.l2jmobius.gameserver.Shutdown	Olympiad System: Data saved(0ms).
2024.12.24 15:21:01,719	INFO	228	org.l2jmobius.gameserver.Shutdown	Hero System: Data saved(0ms).
2024.12.24 15:21:01,719	INFO	228	org.l2jmobius.gameserver.Shutdown	Clan System: Data saved(0ms).
2024.12.24 15:21:01,720	INFO	228	org.l2jmobius.gameserver.Shutdown	Cursed Weapons Manager: Data saved(0ms).
2024.12.24 15:21:01,720	INFO	228	org.l2jmobius.gameserver.Shutdown	Castle Manor Manager: Data saved(1ms).
2024.12.24 15:21:01,720	CONFIG	228	org.l2jmobius.gameserver.model.events.AbstractScript	FortressOfTheDead: Successfully saved attackers to database.
2024.12.24 15:21:01,720	CONFIG	228	org.l2jmobius.gameserver.model.events.AbstractScript	DevastatedCastle: Successfully saved attackers to database.
2024.12.24 15:21:01,720	CONFIG	228	org.l2jmobius.gameserver.model.events.AbstractScript	BanditStronghold: Successfully saved attackers to database.
2024.12.24 15:21:01,720	CONFIG	228	org.l2jmobius.gameserver.model.events.AbstractScript	FortressOfResistance: Successfully saved attackers to database.
2024.12.24 15:21:01,720	CONFIG	228	org.l2jmobius.gameserver.model.events.AbstractScript	WildBeastReserve: Successfully saved attackers to database.
2024.12.24 15:21:01,720	INFO	228	org.l2jmobius.gameserver.Shutdown	CHSiegeManager: Siegable hall attacker lists saved!
2024.12.24 15:21:01,721	INFO	228	org.l2jmobius.gameserver.Shutdown	Quest Manager: Data saved(1ms).
2024.12.24 15:21:01,727	INFO	228	org.l2jmobius.gameserver.instancemanager.GlobalVariablesManager	GlobalVariablesManager: Stored 13 variables.
2024.12.24 15:21:01,727	INFO	228	org.l2jmobius.gameserver.Shutdown	Global Variables Manager: Variables saved(6ms).
2024.12.24 15:21:01,727	INFO	228	org.l2jmobius.gameserver.Shutdown	Fishing Championship data has been saved.
2024.12.24 15:21:01,731	INFO	228	org.l2jmobius.gameserver.Shutdown	SchemeBufferTable data has been saved.
2024.12.24 15:21:01,731	INFO	228	org.l2jmobius.gameserver.Shutdown	Bot Report Table: Successfully saved reports to database!
2024.12.24 15:21:03,094	WARNING	204	org.l2jmobius.gameserver.LoginServerThread	LoginServerThread: LoginServer not available, trying to reconnect...
2024.12.24 15:21:06,738	INFO	228	org.l2jmobius.gameserver.Shutdown	Database Factory: Database connection has been shut down(6ms).
2024.12.24 15:21:06,738	INFO	228	org.l2jmobius.gameserver.Shutdown	The server has been successfully shut down in 5seconds.
