2024.12.24 17:12:54,008	INFO	1	org.l2jmobius.commons.util.IXmlReader	Network Config: ipconfig.xml exists using manual configuration...
2024.12.24 17:12:54,063	WARNING	1	org.l2jmobius.Config	[SkillDurationList]: invalid config property -> SkillDurationList 
2024.12.24 17:12:54,079	INFO	1	org.l2jmobius.Config	Loaded 6 Filter Words.
2024.12.24 17:12:54,090	INFO	1	org.l2jmobius.gameserver.GameServer	------------------------------------------------=[ Database ]
2024.12.24 17:12:54,227	INFO	1	org.l2jmobius.commons.database.DatabaseFactory	Database: Initialized.
2024.12.24 17:12:54,227	INFO	1	org.l2jmobius.gameserver.GameServer	----------------------------------------------=[ ThreadPool ]
2024.12.24 17:12:54,228	INFO	1	org.l2jmobius.commons.threads.ThreadPool	ThreadPool: Initialized
2024.12.24 17:12:54,237	INFO	1	org.l2jmobius.commons.threads.ThreadPool	...scheduled pool executor with 64 total threads.
2024.12.24 17:12:54,237	INFO	1	org.l2jmobius.commons.threads.ThreadPool	...instant pool executor with 32 total threads.
2024.12.24 17:12:54,238	INFO	1	org.l2jmobius.gameserver.GameServer	-----------------------------------------------=[ IdManager ]
2024.12.24 17:12:54,239	INFO	1	org.l2jmobius.gameserver.instancemanager.IdManager	Updated characters online status.
2024.12.24 17:12:54,246	INFO	1	org.l2jmobius.gameserver.instancemanager.IdManager	IdManager: Cleaned 0 elements from database in 0 seconds.
2024.12.24 17:12:54,247	INFO	1	org.l2jmobius.gameserver.instancemanager.IdManager	IdManager: Cleaned 0 expired timestamps from database.
2024.12.24 17:12:54,248	INFO	1	org.l2jmobius.gameserver.instancemanager.IdManager	IdManager: 102912 id's available.
2024.12.24 17:12:54,248	INFO	1	org.l2jmobius.gameserver.GameServer	----------------------------------------=[ Scripting Engine ]
2024.12.24 17:12:54,300	INFO	1	org.l2jmobius.gameserver.scripting.ScriptEngineManager	Loaded 415 files to exclude.
2024.12.24 17:12:54,300	INFO	1	org.l2jmobius.gameserver.GameServer	---------------------------------------------------=[ World ]
2024.12.24 17:12:54,305	INFO	1	org.l2jmobius.commons.util.IXmlReader	InstanceManager: Multiverse Instance created.
2024.12.24 17:12:54,305	INFO	1	org.l2jmobius.commons.util.IXmlReader	InstanceManager: Universe Instance created.
2024.12.24 17:12:54,315	INFO	1	org.l2jmobius.commons.util.IXmlReader	InstanceManager: Loaded 160 instance names.
2024.12.24 17:12:54,497	INFO	1	org.l2jmobius.commons.util.IXmlReader	InstanceManager: Loaded 126 instance templates.
2024.12.24 17:12:54,530	INFO	1	org.l2jmobius.gameserver.model.World	World: (256 by 272) World Region Grid set up.
2024.12.24 17:12:54,568	INFO	1	org.l2jmobius.commons.util.IXmlReader	MapRegionManager: Loaded 57 map regions.
2024.12.24 17:12:54,575	INFO	1	org.l2jmobius.gameserver.instancemanager.GlobalVariablesManager	GlobalVariablesManager: Loaded 13 variables.
2024.12.24 17:12:54,576	INFO	1	org.l2jmobius.gameserver.GameServer	----------------------------------------------------=[ Data ]
2024.12.24 17:12:54,603	INFO	1	org.l2jmobius.gameserver.data.xml.CategoryData	CategoryData: Loaded 180 categories.
2024.12.24 17:12:54,607	INFO	1	org.l2jmobius.commons.util.IXmlReader	SecondaryAuthData: Loaded 328 forbidden passwords.
2024.12.24 17:12:54,607	INFO	1	org.l2jmobius.gameserver.GameServer	--------------------------------------------------=[ Skills ]
2024.12.24 17:12:55,555	INFO	1	handlers.EffectMasterHandler	EffectMasterHandler: Loaded 162 effect handlers.
2024.12.24 17:12:55,566	INFO	1	org.l2jmobius.commons.util.IXmlReader	EnchantSkillGroupsData: Loaded 4 groups and 90 routes.
2024.12.24 17:12:55,808	INFO	1	org.l2jmobius.commons.util.IXmlReader	SkillTreeData: Loaded 19514 Class Skills for 103 class skill trees.
2024.12.24 17:12:55,809	INFO	1	org.l2jmobius.commons.util.IXmlReader	SkillTreeData: Loaded 76 sub-class skills.
2024.12.24 17:12:55,809	INFO	1	org.l2jmobius.commons.util.IXmlReader	SkillTreeData: Loaded 77 transfer skills for 3 transfer skill trees.
2024.12.24 17:12:55,809	INFO	1	org.l2jmobius.commons.util.IXmlReader	SkillTreeData: Loaded 117 fishing skills, 8 Dwarven only fishing skills.
2024.12.24 17:12:55,809	INFO	1	org.l2jmobius.commons.util.IXmlReader	SkillTreeData: Loaded 3 collect skills.
2024.12.24 17:12:55,811	INFO	1	org.l2jmobius.commons.util.IXmlReader	SkillTreeData: Loaded 74 clan skills, 44 for clan and 30 residential.
2024.12.24 17:12:55,811	INFO	1	org.l2jmobius.commons.util.IXmlReader	SkillTreeData: Loaded 18 sub-pledge skills.
2024.12.24 17:12:55,811	INFO	1	org.l2jmobius.commons.util.IXmlReader	SkillTreeData: Loaded 32 transform skills.
2024.12.24 17:12:55,812	INFO	1	org.l2jmobius.commons.util.IXmlReader	SkillTreeData: Loaded 8 noble skills.
2024.12.24 17:12:55,812	INFO	1	org.l2jmobius.commons.util.IXmlReader	SkillTreeData: Loaded 5 hero skills.
2024.12.24 17:12:55,812	INFO	1	org.l2jmobius.commons.util.IXmlReader	SkillTreeData: Loaded 46 game master skills.
2024.12.24 17:12:55,812	INFO	1	org.l2jmobius.commons.util.IXmlReader	SkillTreeData: Loaded 46 game master aura skills.
2024.12.24 17:12:58,015	WARNING	1	org.l2jmobius.gameserver.model.effects.AbstractEffect	DefenceTrait: must have parameters.
2024.12.24 17:12:58,016	WARNING	1	org.l2jmobius.gameserver.model.effects.AbstractEffect	DefenceTrait: must have parameters.
2024.12.24 17:12:58,016	WARNING	1	org.l2jmobius.gameserver.model.effects.AbstractEffect	DefenceTrait: must have parameters.
2024.12.24 17:12:58,016	WARNING	1	org.l2jmobius.gameserver.model.effects.AbstractEffect	DefenceTrait: must have parameters.
2024.12.24 17:12:58,016	WARNING	1	org.l2jmobius.gameserver.model.effects.AbstractEffect	DefenceTrait: must have parameters.
2024.12.24 17:12:58,016	WARNING	1	org.l2jmobius.gameserver.model.effects.AbstractEffect	DefenceTrait: must have parameters.
2024.12.24 17:12:58,017	INFO	1	org.l2jmobius.gameserver.data.xml.SkillData	SkillData: Loaded 66015 Skill templates from XML files.
2024.12.24 17:12:58,054	INFO	1	org.l2jmobius.gameserver.data.xml.PetSkillData	PetSkillData: Loaded 881 skills.
2024.12.24 17:12:58,055	INFO	1	org.l2jmobius.gameserver.GameServer	---------------------------------------------------=[ Items ]
2024.12.24 17:12:58,390	INFO	1	org.l2jmobius.gameserver.data.ItemTable	ItemTable: Highest item id used: 100085
2024.12.24 17:12:58,393	INFO	1	org.l2jmobius.gameserver.data.ItemTable	ItemTable: Loaded 11521 etc items.
2024.12.24 17:12:58,393	INFO	1	org.l2jmobius.gameserver.data.ItemTable	ItemTable: Loaded 3918 armor items.
2024.12.24 17:12:58,393	INFO	1	org.l2jmobius.gameserver.data.ItemTable	ItemTable: Loaded 3988 weapon items.
2024.12.24 17:12:58,393	INFO	1	org.l2jmobius.gameserver.data.ItemTable	ItemTable: Loaded 19427 items in total.
2024.12.24 17:12:58,396	INFO	1	org.l2jmobius.commons.util.IXmlReader	EnchantItemGroupsData: Loaded 4 item group templates.
2024.12.24 17:12:58,396	INFO	1	org.l2jmobius.commons.util.IXmlReader	EnchantItemGroupsData: Loaded 1 scroll group templates.
2024.12.24 17:12:58,398	INFO	1	org.l2jmobius.commons.util.IXmlReader	EnchantItemData: Loaded 71 enchant scrolls.
2024.12.24 17:12:58,398	INFO	1	org.l2jmobius.commons.util.IXmlReader	EnchantItemData: Loaded 20 support items.
2024.12.24 17:12:58,695	INFO	1	org.l2jmobius.gameserver.data.xml.OptionData	OptionData: Loaded 25005 options.
2024.12.24 17:12:58,702	INFO	1	org.l2jmobius.commons.util.IXmlReader	EnchantItemOptionsData: Loaded 31 items and 1261 options.
2024.12.24 17:12:58,705	INFO	1	org.l2jmobius.commons.util.IXmlReader	ElementalAttributeData: Loaded 30 elemental attribute items.
2024.12.24 17:12:58,709	INFO	1	org.l2jmobius.commons.util.IXmlReader	EnchantItemHPBonusData: Loaded 6 enchant HP bonuses.
2024.12.24 17:12:58,712	INFO	1	org.l2jmobius.gameserver.data.MerchantPriceConfigTable	MerchantPriceConfigTable: Loaded 28 merchant price configs.
2024.12.24 17:12:59,055	WARNING	1	org.l2jmobius.commons.util.IXmlReader	Folder E:\L2_Mobius_85\SRC\dist\game\data\buylists\custom doesn't exist!
2024.12.24 17:12:59,055	INFO	1	org.l2jmobius.gameserver.data.xml.BuyListData	BuyListData: Loaded 759 buyLists.
2024.12.24 17:12:59,190	WARNING	1	org.l2jmobius.commons.util.IXmlReader	Buy price 10 is less than sell price 500000 at entry 15 of multisell 60005.
2024.12.24 17:12:59,191	WARNING	1	org.l2jmobius.commons.util.IXmlReader	Buy price 100 is less than sell price 1778000 at entry 24 of multisell 60005.
2024.12.24 17:12:59,191	WARNING	1	org.l2jmobius.commons.util.IXmlReader	Buy price 100 is less than sell price 958500 at entry 25 of multisell 60005.
2024.12.24 17:12:59,213	WARNING	1	org.l2jmobius.commons.util.IXmlReader	Buy price 100 is less than sell price 17500 at entry 10 of multisell 95501.
2024.12.24 17:12:59,213	WARNING	1	org.l2jmobius.commons.util.IXmlReader	Buy price 1000 is less than sell price 2000000 at entry 11 of multisell 95501.
2024.12.24 17:12:59,214	WARNING	1	org.l2jmobius.commons.util.IXmlReader	Buy price 100000 is less than sell price 3000000 at entry 3 of multisell 95502.
2024.12.24 17:12:59,214	WARNING	1	org.l2jmobius.commons.util.IXmlReader	Buy price 100000 is less than sell price 1500000 at entry 4 of multisell 95502.
2024.12.24 17:12:59,214	WARNING	1	org.l2jmobius.commons.util.IXmlReader	Buy price 100000 is less than sell price 17500000 at entry 6 of multisell 95502.
2024.12.24 17:12:59,214	WARNING	1	org.l2jmobius.commons.util.IXmlReader	Buy price 100000 is less than sell price 200000 at entry 7 of multisell 95502.
2024.12.24 17:12:59,214	WARNING	1	org.l2jmobius.commons.util.IXmlReader	Buy price 100000 is less than sell price 125000 at entry 8 of multisell 95502.
2024.12.24 17:12:59,214	WARNING	1	org.l2jmobius.commons.util.IXmlReader	Buy price 100000 is less than sell price 10000000 at entry 9 of multisell 95502.
2024.12.24 17:12:59,214	WARNING	1	org.l2jmobius.commons.util.IXmlReader	Buy price 100000 is less than sell price 10000000 at entry 10 of multisell 95502.
2024.12.24 17:12:59,214	WARNING	1	org.l2jmobius.commons.util.IXmlReader	Buy price 100000 is less than sell price 10000000 at entry 11 of multisell 95502.
2024.12.24 17:12:59,214	WARNING	1	org.l2jmobius.commons.util.IXmlReader	Buy price 100000 is less than sell price 10000000 at entry 12 of multisell 95502.
2024.12.24 17:12:59,214	WARNING	1	org.l2jmobius.commons.util.IXmlReader	Buy price 5000 is less than sell price 15000 at entry 17 of multisell 95502.
2024.12.24 17:12:59,214	WARNING	1	org.l2jmobius.commons.util.IXmlReader	Buy price 5000 is less than sell price 50000 at entry 18 of multisell 95502.
2024.12.24 17:12:59,214	WARNING	1	org.l2jmobius.commons.util.IXmlReader	Buy price 5000 is less than sell price 150000 at entry 19 of multisell 95502.
2024.12.24 17:12:59,214	WARNING	1	org.l2jmobius.commons.util.IXmlReader	Buy price 5000 is less than sell price 500000 at entry 20 of multisell 95502.
2024.12.24 17:12:59,214	WARNING	1	org.l2jmobius.commons.util.IXmlReader	Buy price 50000 is less than sell price 150000 at entry 27 of multisell 95502.
2024.12.24 17:12:59,214	WARNING	1	org.l2jmobius.commons.util.IXmlReader	Buy price 50000 is less than sell price 450000 at entry 28 of multisell 95502.
2024.12.24 17:12:59,214	WARNING	1	org.l2jmobius.commons.util.IXmlReader	Buy price 50000 is less than sell price 750000 at entry 29 of multisell 95502.
2024.12.24 17:12:59,214	WARNING	1	org.l2jmobius.commons.util.IXmlReader	Buy price 50000 is less than sell price 1250000 at entry 30 of multisell 95502.
2024.12.24 17:12:59,238	WARNING	1	org.l2jmobius.commons.util.IXmlReader	Buy price 1336100 is less than sell price 3340250 at entry 1 of multisell 600014.
2024.12.24 17:12:59,238	WARNING	1	org.l2jmobius.commons.util.IXmlReader	Buy price 1336100 is less than sell price 3340250 at entry 2 of multisell 600014.
2024.12.24 17:12:59,238	WARNING	1	org.l2jmobius.commons.util.IXmlReader	Buy price 1336100 is less than sell price 3340250 at entry 3 of multisell 600014.
2024.12.24 17:12:59,238	WARNING	1	org.l2jmobius.commons.util.IXmlReader	Buy price 1336100 is less than sell price 3340250 at entry 4 of multisell 600014.
2024.12.24 17:12:59,238	WARNING	1	org.l2jmobius.commons.util.IXmlReader	Buy price 1336100 is less than sell price 3340250 at entry 5 of multisell 600014.
2024.12.24 17:12:59,238	WARNING	1	org.l2jmobius.commons.util.IXmlReader	Buy price 1336100 is less than sell price 3340250 at entry 6 of multisell 600014.
2024.12.24 17:12:59,238	WARNING	1	org.l2jmobius.commons.util.IXmlReader	Buy price 1336100 is less than sell price 3340250 at entry 7 of multisell 600014.
2024.12.24 17:12:59,238	WARNING	1	org.l2jmobius.commons.util.IXmlReader	Buy price 1336100 is less than sell price 3340250 at entry 8 of multisell 600014.
2024.12.24 17:12:59,238	WARNING	1	org.l2jmobius.commons.util.IXmlReader	Buy price 1336100 is less than sell price 3340250 at entry 9 of multisell 600014.
2024.12.24 17:12:59,238	WARNING	1	org.l2jmobius.commons.util.IXmlReader	Buy price 1336100 is less than sell price 3340250 at entry 10 of multisell 600014.
2024.12.24 17:12:59,238	WARNING	1	org.l2jmobius.commons.util.IXmlReader	Buy price 1336100 is less than sell price 3340250 at entry 11 of multisell 600014.
2024.12.24 17:12:59,238	WARNING	1	org.l2jmobius.commons.util.IXmlReader	Buy price 1336100 is less than sell price 3340250 at entry 12 of multisell 600014.
2024.12.24 17:12:59,238	WARNING	1	org.l2jmobius.commons.util.IXmlReader	Buy price 1336100 is less than sell price 3340250 at entry 13 of multisell 600014.
2024.12.24 17:12:59,238	WARNING	1	org.l2jmobius.commons.util.IXmlReader	Buy price 1336100 is less than sell price 3340250 at entry 14 of multisell 600014.
2024.12.24 17:12:59,238	WARNING	1	org.l2jmobius.commons.util.IXmlReader	Buy price 1336100 is less than sell price 3340250 at entry 15 of multisell 600014.
2024.12.24 17:12:59,253	WARNING	1	org.l2jmobius.commons.util.IXmlReader	Buy price 20000000 is less than sell price 21379700 at entry 1 of multisell 88000006.
2024.12.24 17:12:59,253	WARNING	1	org.l2jmobius.commons.util.IXmlReader	Buy price 20000000 is less than sell price 21379700 at entry 2 of multisell 88000006.
2024.12.24 17:12:59,253	WARNING	1	org.l2jmobius.commons.util.IXmlReader	Buy price 20000000 is less than sell price 21379700 at entry 3 of multisell 88000006.
2024.12.24 17:12:59,253	WARNING	1	org.l2jmobius.commons.util.IXmlReader	Buy price 20000000 is less than sell price 21379700 at entry 4 of multisell 88000006.
2024.12.24 17:12:59,253	WARNING	1	org.l2jmobius.commons.util.IXmlReader	Buy price 20000000 is less than sell price 21379700 at entry 5 of multisell 88000006.
2024.12.24 17:12:59,253	WARNING	1	org.l2jmobius.commons.util.IXmlReader	Buy price 20000000 is less than sell price 21379700 at entry 6 of multisell 88000006.
2024.12.24 17:12:59,254	WARNING	1	org.l2jmobius.commons.util.IXmlReader	Buy price 20000000 is less than sell price 21379700 at entry 7 of multisell 88000006.
2024.12.24 17:12:59,254	WARNING	1	org.l2jmobius.commons.util.IXmlReader	Buy price 20000000 is less than sell price 21379700 at entry 8 of multisell 88000006.
2024.12.24 17:12:59,254	WARNING	1	org.l2jmobius.commons.util.IXmlReader	Buy price 20000000 is less than sell price 21379700 at entry 9 of multisell 88000006.
2024.12.24 17:12:59,254	WARNING	1	org.l2jmobius.commons.util.IXmlReader	Buy price 20000000 is less than sell price 21379700 at entry 10 of multisell 88000006.
2024.12.24 17:12:59,254	WARNING	1	org.l2jmobius.commons.util.IXmlReader	Buy price 20000000 is less than sell price 21379700 at entry 11 of multisell 88000006.
2024.12.24 17:12:59,254	WARNING	1	org.l2jmobius.commons.util.IXmlReader	Buy price 20000000 is less than sell price 21379700 at entry 12 of multisell 88000006.
2024.12.24 17:12:59,254	WARNING	1	org.l2jmobius.commons.util.IXmlReader	Buy price 20000000 is less than sell price 21379700 at entry 13 of multisell 88000006.
2024.12.24 17:12:59,254	WARNING	1	org.l2jmobius.commons.util.IXmlReader	Buy price 20000000 is less than sell price 21379700 at entry 14 of multisell 88000006.
2024.12.24 17:12:59,254	WARNING	1	org.l2jmobius.commons.util.IXmlReader	Buy price 20000000 is less than sell price 21379700 at entry 15 of multisell 88000006.
2024.12.24 17:12:59,254	WARNING	1	org.l2jmobius.commons.util.IXmlReader	Buy price 20000000 is less than sell price 21379700 at entry 16 of multisell 88000006.
2024.12.24 17:12:59,254	WARNING	1	org.l2jmobius.commons.util.IXmlReader	Buy price 20000000 is less than sell price 21379700 at entry 17 of multisell 88000006.
2024.12.24 17:12:59,254	WARNING	1	org.l2jmobius.commons.util.IXmlReader	Buy price 20000000 is less than sell price 21379700 at entry 18 of multisell 88000006.
2024.12.24 17:12:59,254	WARNING	1	org.l2jmobius.commons.util.IXmlReader	Buy price 20000000 is less than sell price 21379700 at entry 19 of multisell 88000006.
2024.12.24 17:12:59,254	WARNING	1	org.l2jmobius.commons.util.IXmlReader	Buy price 20000000 is less than sell price 21379700 at entry 20 of multisell 88000006.
2024.12.24 17:12:59,254	WARNING	1	org.l2jmobius.commons.util.IXmlReader	Buy price 20000000 is less than sell price 21379700 at entry 21 of multisell 88000006.
2024.12.24 17:12:59,254	WARNING	1	org.l2jmobius.commons.util.IXmlReader	Buy price 20000000 is less than sell price 21379700 at entry 22 of multisell 88000006.
2024.12.24 17:12:59,254	WARNING	1	org.l2jmobius.commons.util.IXmlReader	Buy price 20000000 is less than sell price 21379700 at entry 23 of multisell 88000006.
2024.12.24 17:12:59,254	WARNING	1	org.l2jmobius.commons.util.IXmlReader	Buy price 20000000 is less than sell price 21379700 at entry 24 of multisell 88000006.
2024.12.24 17:12:59,254	WARNING	1	org.l2jmobius.commons.util.IXmlReader	Buy price 20000000 is less than sell price 21379700 at entry 25 of multisell 88000006.
2024.12.24 17:12:59,254	WARNING	1	org.l2jmobius.commons.util.IXmlReader	Buy price 20000000 is less than sell price 21379700 at entry 26 of multisell 88000006.
2024.12.24 17:12:59,254	WARNING	1	org.l2jmobius.commons.util.IXmlReader	Buy price 20000000 is less than sell price 21379700 at entry 27 of multisell 88000006.
2024.12.24 17:12:59,254	WARNING	1	org.l2jmobius.commons.util.IXmlReader	Buy price 20000000 is less than sell price 21379700 at entry 28 of multisell 88000006.
2024.12.24 17:12:59,254	WARNING	1	org.l2jmobius.commons.util.IXmlReader	Buy price 20000000 is less than sell price 21379700 at entry 29 of multisell 88000006.
2024.12.24 17:12:59,254	WARNING	1	org.l2jmobius.commons.util.IXmlReader	Buy price 20000000 is less than sell price 21379700 at entry 30 of multisell 88000006.
2024.12.24 17:12:59,254	WARNING	1	org.l2jmobius.commons.util.IXmlReader	Buy price 20000000 is less than sell price 21379700 at entry 31 of multisell 88000006.
2024.12.24 17:12:59,257	WARNING	1	org.l2jmobius.commons.util.IXmlReader	MultisellData: can't find product with itemId: 24123 in list: 80102
2024.12.24 17:12:59,258	WARNING	1	org.l2jmobius.commons.util.IXmlReader	MultisellData: can't find product with itemId: 24127 in list: 80102
2024.12.24 17:12:59,258	WARNING	1	org.l2jmobius.commons.util.IXmlReader	MultisellData: can't find product with itemId: 24126 in list: 80102
2024.12.24 17:12:59,258	WARNING	1	org.l2jmobius.commons.util.IXmlReader	MultisellData: can't find product with itemId: 24126 in list: 80102
2024.12.24 17:12:59,258	WARNING	1	org.l2jmobius.commons.util.IXmlReader	MultisellData: can't find product with itemId: 24126 in list: 80102
2024.12.24 17:12:59,258	WARNING	1	org.l2jmobius.commons.util.IXmlReader	MultisellData: can't find product with itemId: 24122 in list: 80102
2024.12.24 17:12:59,258	WARNING	1	org.l2jmobius.commons.util.IXmlReader	MultisellData: can't find ingredient with itemId: 33054 in list: 95505
2024.12.24 17:12:59,258	WARNING	1	org.l2jmobius.commons.util.IXmlReader	MultisellData: can't find ingredient with itemId: 33059 in list: 95505
2024.12.24 17:12:59,258	WARNING	1	org.l2jmobius.commons.util.IXmlReader	MultisellData: can't find ingredient with itemId: 33064 in list: 95505
2024.12.24 17:12:59,258	WARNING	1	org.l2jmobius.commons.util.IXmlReader	MultisellData: can't find ingredient with itemId: 33050 in list: 95505
2024.12.24 17:12:59,258	WARNING	1	org.l2jmobius.commons.util.IXmlReader	MultisellData: can't find ingredient with itemId: 33055 in list: 95505
2024.12.24 17:12:59,258	WARNING	1	org.l2jmobius.commons.util.IXmlReader	MultisellData: can't find ingredient with itemId: 33060 in list: 95505
2024.12.24 17:12:59,258	WARNING	1	org.l2jmobius.commons.util.IXmlReader	MultisellData: can't find ingredient with itemId: 33051 in list: 95505
2024.12.24 17:12:59,258	WARNING	1	org.l2jmobius.commons.util.IXmlReader	MultisellData: can't find ingredient with itemId: 33056 in list: 95505
2024.12.24 17:12:59,258	WARNING	1	org.l2jmobius.commons.util.IXmlReader	MultisellData: can't find ingredient with itemId: 33061 in list: 95505
2024.12.24 17:12:59,258	WARNING	1	org.l2jmobius.commons.util.IXmlReader	MultisellData: can't find ingredient with itemId: 33052 in list: 95505
2024.12.24 17:12:59,258	WARNING	1	org.l2jmobius.commons.util.IXmlReader	MultisellData: can't find ingredient with itemId: 33057 in list: 95505
2024.12.24 17:12:59,258	WARNING	1	org.l2jmobius.commons.util.IXmlReader	MultisellData: can't find ingredient with itemId: 33062 in list: 95505
2024.12.24 17:12:59,258	WARNING	1	org.l2jmobius.commons.util.IXmlReader	MultisellData: can't find ingredient with itemId: 33053 in list: 95505
2024.12.24 17:12:59,258	WARNING	1	org.l2jmobius.commons.util.IXmlReader	MultisellData: can't find ingredient with itemId: 33058 in list: 95505
2024.12.24 17:12:59,258	WARNING	1	org.l2jmobius.commons.util.IXmlReader	MultisellData: can't find ingredient with itemId: 33063 in list: 95505
2024.12.24 17:12:59,258	WARNING	1	org.l2jmobius.commons.util.IXmlReader	MultisellData: can't find ingredient with itemId: 33069 in list: 95505
2024.12.24 17:12:59,258	WARNING	1	org.l2jmobius.commons.util.IXmlReader	MultisellData: can't find ingredient with itemId: 33074 in list: 95505
2024.12.24 17:12:59,258	WARNING	1	org.l2jmobius.commons.util.IXmlReader	MultisellData: can't find ingredient with itemId: 33079 in list: 95505
2024.12.24 17:12:59,258	WARNING	1	org.l2jmobius.commons.util.IXmlReader	MultisellData: can't find ingredient with itemId: 33065 in list: 95505
2024.12.24 17:12:59,259	WARNING	1	org.l2jmobius.commons.util.IXmlReader	MultisellData: can't find ingredient with itemId: 33070 in list: 95505
2024.12.24 17:12:59,259	WARNING	1	org.l2jmobius.commons.util.IXmlReader	MultisellData: can't find ingredient with itemId: 33075 in list: 95505
2024.12.24 17:12:59,259	WARNING	1	org.l2jmobius.commons.util.IXmlReader	MultisellData: can't find ingredient with itemId: 33066 in list: 95505
2024.12.24 17:12:59,259	WARNING	1	org.l2jmobius.commons.util.IXmlReader	MultisellData: can't find ingredient with itemId: 33071 in list: 95505
2024.12.24 17:12:59,259	WARNING	1	org.l2jmobius.commons.util.IXmlReader	MultisellData: can't find ingredient with itemId: 33076 in list: 95505
2024.12.24 17:12:59,259	WARNING	1	org.l2jmobius.commons.util.IXmlReader	MultisellData: can't find ingredient with itemId: 33067 in list: 95505
2024.12.24 17:12:59,259	WARNING	1	org.l2jmobius.commons.util.IXmlReader	MultisellData: can't find ingredient with itemId: 33072 in list: 95505
2024.12.24 17:12:59,259	WARNING	1	org.l2jmobius.commons.util.IXmlReader	MultisellData: can't find ingredient with itemId: 33062 in list: 95505
2024.12.24 17:12:59,259	WARNING	1	org.l2jmobius.commons.util.IXmlReader	MultisellData: can't find ingredient with itemId: 33077 in list: 95505
2024.12.24 17:12:59,259	WARNING	1	org.l2jmobius.commons.util.IXmlReader	MultisellData: can't find ingredient with itemId: 33068 in list: 95505
2024.12.24 17:12:59,259	WARNING	1	org.l2jmobius.commons.util.IXmlReader	MultisellData: can't find ingredient with itemId: 33073 in list: 95505
2024.12.24 17:12:59,259	WARNING	1	org.l2jmobius.commons.util.IXmlReader	MultisellData: can't find ingredient with itemId: 33078 in list: 95505
2024.12.24 17:12:59,259	WARNING	1	org.l2jmobius.commons.util.IXmlReader	MultisellData: can't find ingredient with itemId: 23000 in list: 95507
2024.12.24 17:12:59,259	WARNING	1	org.l2jmobius.commons.util.IXmlReader	MultisellData: can't find ingredient with itemId: 23000 in list: 95507
2024.12.24 17:12:59,259	WARNING	1	org.l2jmobius.commons.util.IXmlReader	MultisellData: can't find ingredient with itemId: 23000 in list: 95507
2024.12.24 17:12:59,259	WARNING	1	org.l2jmobius.commons.util.IXmlReader	MultisellData: can't find ingredient with itemId: 23000 in list: 95507
2024.12.24 17:12:59,259	WARNING	1	org.l2jmobius.commons.util.IXmlReader	MultisellData: can't find ingredient with itemId: 23000 in list: 95507
2024.12.24 17:12:59,259	WARNING	1	org.l2jmobius.commons.util.IXmlReader	MultisellData: can't find ingredient with itemId: 23000 in list: 95507
2024.12.24 17:12:59,259	WARNING	1	org.l2jmobius.commons.util.IXmlReader	MultisellData: can't find ingredient with itemId: 23000 in list: 95507
2024.12.24 17:12:59,259	WARNING	1	org.l2jmobius.commons.util.IXmlReader	MultisellData: can't find ingredient with itemId: 23000 in list: 95507
2024.12.24 17:12:59,259	WARNING	1	org.l2jmobius.commons.util.IXmlReader	MultisellData: can't find ingredient with itemId: 23000 in list: 95507
2024.12.24 17:12:59,259	WARNING	1	org.l2jmobius.commons.util.IXmlReader	MultisellData: can't find ingredient with itemId: 23000 in list: 95507
2024.12.24 17:12:59,259	WARNING	1	org.l2jmobius.commons.util.IXmlReader	MultisellData: can't find ingredient with itemId: 23000 in list: 95507
2024.12.24 17:12:59,259	WARNING	1	org.l2jmobius.commons.util.IXmlReader	MultisellData: can't find ingredient with itemId: 23000 in list: 95507
2024.12.24 17:12:59,259	WARNING	1	org.l2jmobius.commons.util.IXmlReader	MultisellData: can't find product with itemId: 24123 in list: 80152
2024.12.24 17:12:59,259	WARNING	1	org.l2jmobius.commons.util.IXmlReader	MultisellData: can't find product with itemId: 24127 in list: 80152
2024.12.24 17:12:59,259	WARNING	1	org.l2jmobius.commons.util.IXmlReader	MultisellData: can't find product with itemId: 24126 in list: 80152
2024.12.24 17:12:59,259	WARNING	1	org.l2jmobius.commons.util.IXmlReader	MultisellData: can't find product with itemId: 24126 in list: 80152
2024.12.24 17:12:59,259	WARNING	1	org.l2jmobius.commons.util.IXmlReader	MultisellData: can't find product with itemId: 24126 in list: 80152
2024.12.24 17:12:59,259	WARNING	1	org.l2jmobius.commons.util.IXmlReader	MultisellData: can't find product with itemId: 24122 in list: 80152
2024.12.24 17:12:59,260	WARNING	1	org.l2jmobius.commons.util.IXmlReader	MultisellData: can't find product with itemId: 24123 in list: 80202
2024.12.24 17:12:59,261	WARNING	1	org.l2jmobius.commons.util.IXmlReader	MultisellData: can't find product with itemId: 24127 in list: 80202
2024.12.24 17:12:59,261	WARNING	1	org.l2jmobius.commons.util.IXmlReader	MultisellData: can't find product with itemId: 24126 in list: 80202
2024.12.24 17:12:59,261	WARNING	1	org.l2jmobius.commons.util.IXmlReader	MultisellData: can't find product with itemId: 24126 in list: 80202
2024.12.24 17:12:59,261	WARNING	1	org.l2jmobius.commons.util.IXmlReader	MultisellData: can't find product with itemId: 24126 in list: 80202
2024.12.24 17:12:59,261	WARNING	1	org.l2jmobius.commons.util.IXmlReader	MultisellData: can't find product with itemId: 24122 in list: 80202
2024.12.24 17:12:59,263	WARNING	1	org.l2jmobius.commons.util.IXmlReader	MultisellData: can't find product with itemId: 24123 in list: 80252
2024.12.24 17:12:59,263	WARNING	1	org.l2jmobius.commons.util.IXmlReader	MultisellData: can't find product with itemId: 24127 in list: 80252
2024.12.24 17:12:59,263	WARNING	1	org.l2jmobius.commons.util.IXmlReader	MultisellData: can't find product with itemId: 24126 in list: 80252
2024.12.24 17:12:59,263	WARNING	1	org.l2jmobius.commons.util.IXmlReader	MultisellData: can't find product with itemId: 24126 in list: 80252
2024.12.24 17:12:59,263	WARNING	1	org.l2jmobius.commons.util.IXmlReader	MultisellData: can't find product with itemId: 24126 in list: 80252
2024.12.24 17:12:59,263	WARNING	1	org.l2jmobius.commons.util.IXmlReader	MultisellData: can't find product with itemId: 24122 in list: 80252
2024.12.24 17:12:59,269	INFO	1	org.l2jmobius.commons.util.IXmlReader	MultisellData: Loaded 285 multisell lists.
2024.12.24 17:12:59,289	INFO	1	org.l2jmobius.commons.util.IXmlReader	RecipeData: Loaded 1000 recipes.
2024.12.24 17:12:59,307	INFO	1	org.l2jmobius.commons.util.IXmlReader	ArmorSetData: Loaded 213 armor sets.
2024.12.24 17:12:59,314	INFO	1	org.l2jmobius.commons.util.IXmlReader	FishData: Loaded 278 fishes.
2024.12.24 17:12:59,315	INFO	1	org.l2jmobius.commons.util.IXmlReader	FishingMonstersData: Loaded 8 fishing monsters.
2024.12.24 17:12:59,316	INFO	1	org.l2jmobius.commons.util.IXmlReader	FishingRodsData: Loaded 6 fishing rods.
2024.12.24 17:12:59,327	INFO	1	org.l2jmobius.commons.util.IXmlReader	HennaData: Loaded 180 henna data.
2024.12.24 17:12:59,328	INFO	1	org.l2jmobius.gameserver.GameServer	----------------------------------------------=[ Characters ]
2024.12.24 17:12:59,330	INFO	1	org.l2jmobius.commons.util.IXmlReader	ClassListData: Loaded 103 class data.
2024.12.24 17:12:59,332	INFO	1	org.l2jmobius.commons.util.IXmlReader	InitialEquipmentData: Loaded 11 initial equipment data.
2024.12.24 17:12:59,334	INFO	1	org.l2jmobius.commons.util.IXmlReader	InitialShortcutData: Loaded 5 initial global shortcut data.
2024.12.24 17:12:59,334	INFO	1	org.l2jmobius.commons.util.IXmlReader	InitialShortcutData: Loaded 4 initial shortcut data.
2024.12.24 17:12:59,334	INFO	1	org.l2jmobius.commons.util.IXmlReader	InitialShortcutData: Loaded 0 macro presets.
2024.12.24 17:12:59,335	INFO	1	org.l2jmobius.gameserver.data.xml.ExperienceData	ExperienceData: Loaded 86 levels.
2024.12.24 17:12:59,335	INFO	1	org.l2jmobius.gameserver.data.xml.ExperienceData	ExperienceData: Max Player Level is 85.
2024.12.24 17:12:59,335	INFO	1	org.l2jmobius.gameserver.data.xml.ExperienceData	ExperienceData: Max Pet Level is 85.
2024.12.24 17:12:59,337	INFO	1	org.l2jmobius.commons.util.IXmlReader	KarmaData: Loaded 85 karma modifiers.
2024.12.24 17:12:59,338	INFO	1	org.l2jmobius.commons.util.IXmlReader	HitConditionBonusData: Loaded hit condition bonuses.
2024.12.24 17:12:59,451	INFO	1	org.l2jmobius.gameserver.data.xml.PlayerTemplateData	PlayerTemplateData: Loaded 103 character templates.
2024.12.24 17:12:59,451	INFO	1	org.l2jmobius.gameserver.data.xml.PlayerTemplateData	PlayerTemplateData: Loaded 52530 level up gain records.
2024.12.24 17:12:59,452	INFO	1	org.l2jmobius.gameserver.data.sql.CharInfoTable	CharInfoTable: Loaded 0 char names.
2024.12.24 17:12:59,463	INFO	1	org.l2jmobius.commons.util.IXmlReader	AdminData: Loaded 10 access levels.
2024.12.24 17:12:59,465	INFO	1	org.l2jmobius.commons.util.IXmlReader	AdminData: Loaded 438 access commands.
2024.12.24 17:12:59,466	INFO	1	org.l2jmobius.gameserver.instancemanager.RaidBossPointsManager	RaidBossPointsManager: Loaded 0 Characters Raid Points.
2024.12.24 17:12:59,629	INFO	1	org.l2jmobius.commons.util.IXmlReader	PetDataTable: Loaded 49 pets.
2024.12.24 17:12:59,631	INFO	1	org.l2jmobius.gameserver.GameServer	---------------------------------------------------=[ Clans ]
2024.12.24 17:12:59,634	INFO	1	org.l2jmobius.gameserver.communitybbs.Manager.ForumsBBSManager	ForumsBBSManager: Loaded 4 forums. Last forum id used: 4
2024.12.24 17:12:59,634	INFO	1	org.l2jmobius.gameserver.data.sql.ClanTable	ClanTable: Restored 0 clans from the database.
2024.12.24 17:12:59,637	INFO	1	org.l2jmobius.gameserver.instancemanager.CHSiegeManager	CHSiegeManager: Loaded 6 conquerable clan halls.
2024.12.24 17:12:59,647	INFO	1	org.l2jmobius.gameserver.instancemanager.ClanHallAuctionManager	ClanHallAuctionManager: Loaded 38 auction(s)
2024.12.24 17:12:59,648	INFO	1	org.l2jmobius.gameserver.data.sql.ClanHallTable	ClanHallTable: Loaded 0 clan halls
2024.12.24 17:12:59,648	INFO	1	org.l2jmobius.gameserver.data.sql.ClanHallTable	ClanHallTable: Loaded 38 free clan halls
2024.12.24 17:12:59,648	INFO	1	org.l2jmobius.gameserver.GameServer	-------------------------------------------------=[ Geodata ]
2024.12.24 17:12:59,654	INFO	1	org.l2jmobius.gameserver.geoengine.GeoEngine	GeoEngine: Loaded 0 regions.
2024.12.24 17:12:59,655	INFO	1	org.l2jmobius.gameserver.GameServer	----------------------------------------------------=[ NPCs ]
2024.12.24 17:12:59,674	INFO	1	org.l2jmobius.gameserver.instancemanager.ZoneManager	ZoneManager 17 by 18 Zone Region Grid set up.
2024.12.24 17:13:00,933	INFO	1	org.l2jmobius.commons.util.IXmlReader	NpcData: Loaded 10461 NPCs.
2024.12.24 17:13:00,944	INFO	1	org.l2jmobius.commons.util.IXmlReader	NpcData: Loaded 33 custom NPCs.
2024.12.24 17:13:00,948	INFO	1	org.l2jmobius.commons.util.IXmlReader	SkillLearnData: Loaded 256 skill learn data.
2024.12.24 17:13:00,952	INFO	1	org.l2jmobius.gameserver.instancemanager.GrandBossManager	GrandBossManager: Gigantic Chaos Golem(25512) status is 0.
2024.12.24 17:13:00,952	INFO	1	org.l2jmobius.gameserver.instancemanager.GrandBossManager	GrandBossManager: 巨蚁女王(29001) status is 0.
2024.12.24 17:13:00,952	INFO	1	org.l2jmobius.gameserver.instancemanager.GrandBossManager	GrandBossManager: 奥尔芬(29014) status is 0.
2024.12.24 17:13:00,952	INFO	1	org.l2jmobius.gameserver.instancemanager.GrandBossManager	GrandBossManager: 巴温(29020) status is 0.
2024.12.24 17:13:00,952	INFO	1	org.l2jmobius.gameserver.instancemanager.GrandBossManager	GrandBossManager: 巴拉卡斯(29028) status is 0.
2024.12.24 17:13:00,952	INFO	1	org.l2jmobius.gameserver.instancemanager.GrandBossManager	GrandBossManager: 安塔瑞斯(29068) status is 0.
2024.12.24 17:13:00,952	INFO	1	org.l2jmobius.gameserver.instancemanager.GrandBossManager	GrandBossManager: Beleth(29118) status is 0.
2024.12.24 17:13:00,952	INFO	1	org.l2jmobius.gameserver.instancemanager.GrandBossManager	GrandBossManager: 巴尔勒(33349) status is 0.
2024.12.24 17:13:00,953	INFO	1	org.l2jmobius.gameserver.instancemanager.GrandBossManager	GrandBossManager: 林德拜尔(33350) status is 0.
2024.12.24 17:13:00,953	INFO	1	org.l2jmobius.gameserver.instancemanager.GrandBossManager	GrandBossManager: 芙蕾雅(33351) status is 0.
2024.12.24 17:13:00,953	INFO	1	org.l2jmobius.gameserver.instancemanager.GrandBossManager	GrandBossManager: Loaded 10 Instances
2024.12.24 17:13:01,045	INFO	1	org.l2jmobius.gameserver.instancemanager.ZoneManager	ZoneManager: Loaded 30 zone classes and 2841 zones.
2024.12.24 17:13:01,047	INFO	1	org.l2jmobius.gameserver.instancemanager.ZoneManager	ZoneManager: Last static id 200105.
2024.12.24 17:13:01,092	INFO	1	org.l2jmobius.commons.util.IXmlReader	DoorData: Loaded 1301 doors.
2024.12.24 17:13:01,096	INFO	1	FenceData	FenceData: Loaded 1 fences.
2024.12.24 17:13:01,098	INFO	1	org.l2jmobius.gameserver.data.xml.FakePlayerData	FakePlayerData: Disabled.
2024.12.24 17:13:01,099	INFO	1	org.l2jmobius.gameserver.instancemanager.FakePlayerChatManager	FakePlayerChatManager: Disabled.
2024.12.24 17:13:01,925	INFO	1	org.l2jmobius.gameserver.instancemanager.WalkingManager	WalkingManager: Loaded 123 walking routes.
2024.12.24 17:13:01,929	INFO	1	org.l2jmobius.commons.util.IXmlReader	StaticObjectData: Loaded 51 static object templates.
2024.12.24 17:13:01,934	INFO	1	org.l2jmobius.gameserver.model.itemauction.ItemAuctionInstance	ItemAuctionInstance: Loaded 82 item(s) and registered 1 auction(s) for instance 32320.
2024.12.24 17:13:01,936	INFO	1	org.l2jmobius.gameserver.model.itemauction.ItemAuctionInstance	ItemAuctionInstance: Schedule next auction 1 on 17:00:00 27.12.24 for instance 32320
2024.12.24 17:13:01,936	INFO	1	org.l2jmobius.gameserver.model.itemauction.ItemAuctionInstance	ItemAuctionInstance: Loaded 82 item(s) and registered 1 auction(s) for instance 32321.
2024.12.24 17:13:01,936	INFO	1	org.l2jmobius.gameserver.model.itemauction.ItemAuctionInstance	ItemAuctionInstance: Schedule next auction 2 on 17:00:00 30.12.24 for instance 32321
2024.12.24 17:13:01,937	INFO	1	org.l2jmobius.gameserver.model.itemauction.ItemAuctionInstance	ItemAuctionInstance: Loaded 82 item(s) and registered 1 auction(s) for instance 32322.
2024.12.24 17:13:01,937	INFO	1	org.l2jmobius.gameserver.model.itemauction.ItemAuctionInstance	ItemAuctionInstance: Schedule next auction 3 on 17:00:00 25.12.24 for instance 32322
2024.12.24 17:13:01,937	INFO	1	org.l2jmobius.gameserver.instancemanager.ItemAuctionManager	ItemAuctionManager: Loaded 3 instance(s).
2024.12.24 17:13:01,941	INFO	1	org.l2jmobius.gameserver.instancemanager.CastleManager	CastleManager: Loaded 9 castles
2024.12.24 17:13:01,944	INFO	1	org.l2jmobius.gameserver.data.SchemeBufferTable	SchemeBufferTable: Loaded 0 players schemes and 60 available buffs.
2024.12.24 17:13:01,944	INFO	1	org.l2jmobius.gameserver.instancemanager.GrandBossManager	GrandBossManager: Initialized 12 Grand Boss Zones
2024.12.24 17:13:01,944	INFO	1	org.l2jmobius.gameserver.GameServer	------------------------------------------------=[ Olympiad ]
2024.12.24 17:13:01,947	INFO	1	org.l2jmobius.gameserver.model.olympiad.Olympiad	Olympiad System: Loading....
2024.12.24 17:13:01,947	INFO	1	org.l2jmobius.gameserver.model.olympiad.Olympiad	Olympiad System: Currently in Olympiad Period
2024.12.24 17:13:01,947	INFO	1	org.l2jmobius.gameserver.model.olympiad.Olympiad	Olympiad System: 7 days, 18 hours and 46 mins until period ends.
2024.12.24 17:13:01,947	INFO	1	org.l2jmobius.gameserver.model.olympiad.Olympiad	Olympiad System: Next weekly change is in 6 days, 20 hours and 6 mins.
2024.12.24 17:13:01,948	INFO	1	org.l2jmobius.gameserver.model.olympiad.Olympiad	Olympiad System: Loaded 0 Nobles
2024.12.24 17:13:01,949	INFO	1	org.l2jmobius.gameserver.model.olympiad.Olympiad	Olympiad System: Competition Period Starts in 0 days, 0 hours and 47 mins.
2024.12.24 17:13:01,954	INFO	1	org.l2jmobius.gameserver.model.olympiad.Olympiad	Olympiad System: Event starts/started: Tue Dec 24 18:00:01 CST 2024
2024.12.24 17:13:01,955	INFO	1	org.l2jmobius.gameserver.model.olympiad.Hero	Hero System: Loaded 0 Heroes.
2024.12.24 17:13:01,955	INFO	1	org.l2jmobius.gameserver.model.olympiad.Hero	Hero System: Loaded 0 all time Heroes.
2024.12.24 17:13:01,955	INFO	1	org.l2jmobius.gameserver.GameServer	---------------------------------------------=[ Seven Signs ]
2024.12.24 17:13:01,956	INFO	1	org.l2jmobius.gameserver.model.sevensigns.SevenSigns	SevenSigns: Currently in the Competition (Quest Event) period!
2024.12.24 17:13:01,956	INFO	1	org.l2jmobius.gameserver.model.sevensigns.SevenSigns	SevenSigns: The Seal of Avarice remains unclaimed.
2024.12.24 17:13:01,956	INFO	1	org.l2jmobius.gameserver.model.sevensigns.SevenSigns	SevenSigns: The Seal of Gnosis remains unclaimed.
2024.12.24 17:13:01,956	INFO	1	org.l2jmobius.gameserver.model.sevensigns.SevenSigns	SevenSigns: The Seal of Strife remains unclaimed.
2024.12.24 17:13:01,956	INFO	1	org.l2jmobius.gameserver.model.sevensigns.SevenSigns	SevenSigns: The competition, if the current trend continues, will end in a tie this week.
2024.12.24 17:13:01,956	INFO	1	org.l2jmobius.gameserver.model.sevensigns.SevenSigns	SevenSigns: Next period change set to Mon Dec 30 18:00:01 CST 2024
2024.12.24 17:13:01,957	INFO	1	org.l2jmobius.gameserver.model.sevensigns.SevenSigns	SevenSigns: Next period begins in 6 days, 0 hours and 47 mins.
2024.12.24 17:13:01,957	INFO	1	org.l2jmobius.gameserver.GameServer	---------------------------------------------------=[ Cache ]
2024.12.24 17:13:01,957	INFO	1	org.l2jmobius.gameserver.cache.HtmCache	Html cache start...
2024.12.24 17:13:03,145	INFO	1	org.l2jmobius.gameserver.cache.HtmCache	Cache[HTML]: 10.544 megabytes on 22346 files loaded.
2024.12.24 17:13:03,146	INFO	1	org.l2jmobius.gameserver.data.sql.CrestTable	CrestTable: Loaded 0 Crests.
2024.12.24 17:13:03,148	INFO	1	org.l2jmobius.gameserver.data.sql.TeleportLocationTable	TeleportLocationTable: Loaded 957 teleport location templates.
2024.12.24 17:13:03,151	INFO	1	org.l2jmobius.gameserver.data.xml.UIData	UIData: Loaded 4 keys 5 categories.
2024.12.24 17:13:03,191	INFO	1	org.l2jmobius.gameserver.data.AugmentationData	AugmentationData: Loaded 33960 augmentations.
2024.12.24 17:13:03,191	INFO	1	org.l2jmobius.gameserver.data.AugmentationData	AugmentationData: Loaded 2754 accessory augmentations.
2024.12.24 17:13:03,193	INFO	1	org.l2jmobius.gameserver.instancemanager.CursedWeaponsManager	CursedWeaponsManager: Loaded : 2 cursed weapon(s).
2024.12.24 17:13:03,358	INFO	1	org.l2jmobius.commons.util.IXmlReader	TransformData: Loaded 111 transform templates.
2024.12.24 17:13:03,365	INFO	1	org.l2jmobius.gameserver.data.BotReportTable	BotReportTable: Loaded 0 bot reports
2024.12.24 17:13:03,365	INFO	1	org.l2jmobius.gameserver.GameServer	-------------------------------------------------=[ Scripts ]
2024.12.24 17:13:03,367	INFO	1	org.l2jmobius.gameserver.instancemanager.AirShipManager	AirShipManager: Loaded 0 private airships
2024.12.24 17:13:03,368	INFO	1	org.l2jmobius.gameserver.instancemanager.SoDManager	Seed of Destruction Manager: Loaded. Current stage is: 1
2024.12.24 17:13:03,368	INFO	1	org.l2jmobius.gameserver.instancemanager.SoIManager	Seed of Infinity Manager: Loaded. Current stage is: 1
2024.12.24 17:13:03,370	INFO	1	org.l2jmobius.gameserver.data.xml.suijizz	随机制作: 读取 31 个物品制作数据.
2024.12.24 17:13:03,370	INFO	1	org.l2jmobius.gameserver.data.xml.suijizz	随机制作: 读取 31 个物品制作数据.
2024.12.24 17:13:03,370	INFO	1	org.l2jmobius.gameserver.GameServer	Loading server scripts...
2024.12.24 17:13:04,505	INFO	1	handlers.MasterHandler	Loading Handlers...
2024.12.24 17:13:04,624	INFO	1	handlers.MasterHandler	ActionHandler: Loaded 10 handlers.
2024.12.24 17:13:04,624	INFO	1	handlers.MasterHandler	ActionShiftHandler: Loaded 6 handlers.
2024.12.24 17:13:04,624	INFO	1	handlers.MasterHandler	AdminCommandHandler: Loaded 443 handlers.
2024.12.24 17:13:04,624	INFO	1	handlers.MasterHandler	BypassHandler: Loaded 47 handlers.
2024.12.24 17:13:04,624	INFO	1	handlers.MasterHandler	ChatHandler: Loaded 14 handlers.
2024.12.24 17:13:04,624	INFO	1	handlers.MasterHandler	CommunityBoardHandler: Loaded 19 handlers.
2024.12.24 17:13:04,624	INFO	1	handlers.MasterHandler	ItemHandler: Loaded 30 handlers.
2024.12.24 17:13:04,624	INFO	1	handlers.MasterHandler	PunishmentHandler: Loaded 3 handlers.
2024.12.24 17:13:04,624	INFO	1	handlers.MasterHandler	UserCommandHandler: Loaded 17 handlers.
2024.12.24 17:13:04,624	INFO	1	handlers.MasterHandler	VoicedCommandHandler: Loaded 11 handlers.
2024.12.24 17:13:04,624	INFO	1	handlers.MasterHandler	TargetHandler: Loaded 34 handlers.
2024.12.24 17:13:04,624	INFO	1	handlers.MasterHandler	Handlers Loaded...
2024.12.24 17:13:07,536	INFO	1	org.l2jmobius.gameserver.model.events.AbstractScript	Handy's Block Checker Event is enabled
2024.12.24 17:13:07,539	INFO	1	org.l2jmobius.gameserver.model.events.AbstractScript	Fantasy Isle: Parade starting at 2024/12/24 17:20 and is scheduled each next 1 hours.
2024.12.24 17:13:07,543	INFO	1	org.l2jmobius.gameserver.model.events.AbstractScript	Fantasy Isle: MC show script starting at 25/12/2024 06:25:07 and is scheduled each next 4 hours.
2024.12.24 17:13:07,561	INFO	1	ai.areas.Gracia.GraciaLoader	GraciaLoader: Loading Gracia related scripts.
2024.12.24 17:13:07,777	INFO	1	ai.areas.Hellbound.HellboundLoader	HellboundLoader: Loading Hellbound related scripts:
2024.12.24 17:13:07,779	INFO	1	org.l2jmobius.commons.util.IXmlReader	HellboundPointData: Loaded 47 trust point reward data.
2024.12.24 17:13:07,788	INFO	1	org.l2jmobius.commons.util.IXmlReader	HellboundSpawns: Loaded 598 Hellbound spawns.
2024.12.24 17:13:07,789	INFO	1	org.l2jmobius.gameserver.model.events.AbstractScript	HellboundEngine: Level: 11
2024.12.24 17:13:07,789	INFO	1	org.l2jmobius.gameserver.model.events.AbstractScript	HellboundEngine: Trust: 4000000
2024.12.24 17:13:07,789	INFO	1	org.l2jmobius.gameserver.model.events.AbstractScript	HellboundEngine: Status: unlocked.
2024.12.24 17:13:07,849	INFO	1	org.l2jmobius.gameserver.instancemanager.RaidBossSpawnManager	RaidBossSpawnManager: Loaded 187 Instances
2024.12.24 17:13:07,850	INFO	1	org.l2jmobius.gameserver.instancemanager.RaidBossSpawnManager	RaidBossSpawnManager: Scheduled 0 Instances
2024.12.24 17:13:07,939	INFO	1	org.l2jmobius.commons.util.IXmlReader	NpcBuffersData: Loaded 33 buffers data.
2024.12.24 17:13:07,966	CONFIG	1	org.l2jmobius.gameserver.model.events.AbstractScript	Devastated Castle siege scheduled for Tue Jan 07 12:00:00 CST 2025.
2024.12.24 17:13:07,967	CONFIG	1	org.l2jmobius.gameserver.model.events.AbstractScript	Bandit StrongHold siege scheduled for Tue Jan 07 12:00:00 CST 2025.
2024.12.24 17:13:07,969	CONFIG	1	org.l2jmobius.gameserver.model.events.AbstractScript	Beast Farm siege scheduled for Tue Jan 07 12:00:00 CST 2025.
2024.12.24 17:13:07,970	CONFIG	1	org.l2jmobius.gameserver.model.events.AbstractScript	Fortress of Resistance siege scheduled for Tue Jan 07 12:00:00 CST 2025.
2024.12.24 17:13:07,971	CONFIG	1	org.l2jmobius.gameserver.model.events.AbstractScript	Fortress of the Dead siege scheduled for Tue Jan 07 12:00:00 CST 2025.
2024.12.24 17:13:07,972	CONFIG	1	org.l2jmobius.gameserver.model.events.AbstractScript	Rainbow Springs siege scheduled for Tue Jan 07 12:00:00 CST 2025.
2024.12.24 17:13:08,004	INFO	1	org.l2jmobius.gameserver.model.events.AbstractScript	Event 芙蕾雅庆典 has passed... Ignored 
2024.12.24 17:13:08,005	INFO	1	org.l2jmobius.gameserver.model.events.AbstractScript	Event 活力的礼物 has passed... Ignored 
2024.12.24 17:13:08,006	INFO	1	org.l2jmobius.gameserver.model.events.AbstractScript	Event 纪念章活动 has passed... Ignored 
2024.12.24 17:13:08,006	INFO	1	org.l2jmobius.gameserver.model.events.AbstractScript	Event 收集组合文字 has passed... Ignored 
2024.12.24 17:13:08,007	INFO	1	org.l2jmobius.gameserver.model.events.AbstractScript	Event 爱你守门人 has passed... Ignored 
2024.12.24 17:13:08,008	INFO	1	org.l2jmobius.gameserver.model.events.AbstractScript	Event 余义的强化 has passed... Ignored 
2024.12.24 17:13:08,012	INFO	1	org.l2jmobius.gameserver.model.events.AbstractScript	Event 救圣诞老人 has passed... Ignored 
2024.12.24 17:13:08,013	INFO	1	org.l2jmobius.gameserver.model.events.AbstractScript	Event 情人节活动 has passed... Ignored 
2024.12.24 17:13:08,014	INFO	1	org.l2jmobius.gameserver.model.events.AbstractScript	Event Watermelon Ninja has passed... Ignored 
2024.12.24 17:13:08,029	INFO	1	instances.FinalEmperialTomb.FinalEmperialTomb	[Final Emperial Tomb] Loaded 26 spawn zones data.
2024.12.24 17:13:08,029	INFO	1	instances.FinalEmperialTomb.FinalEmperialTomb	[Final Emperial Tomb] Loaded 94 spawns data.
2024.12.24 17:13:08,218	INFO	1	org.l2jmobius.gameserver.model.events.AbstractScript	[EnhanceYourWeapon] Loaded 54 Soul Crystal data.
2024.12.24 17:13:08,218	INFO	1	org.l2jmobius.gameserver.model.events.AbstractScript	[EnhanceYourWeapon] Loaded 240 npc Leveling info data.
2024.12.24 17:13:08,251	INFO	1	org.l2jmobius.gameserver.model.events.AbstractScript	TerritoryWarSuperClass: Siege date: Sun Jan 05 22:00:00 CST 2025
2024.12.24 17:13:08,267	WARNING	1	org.l2jmobius.gameserver.scripting.ScriptEngineManager	ScriptEngine: E:\L2_Mobius_85\SRC\dist\game\data\scripts\ai\bosses\Core\Core.java failed execution!
2024.12.24 17:13:08,270	INFO	1	org.l2jmobius.gameserver.data.SpawnTable	SpawnTable: Initializing spawns...
2024.12.24 17:13:08,795	INFO	102	org.l2jmobius.gameserver.model.events.AbstractScript	HellboundEngine: Spawned 424 NPCs.
2024.12.24 17:13:08,938	INFO	1	org.l2jmobius.gameserver.data.SpawnTable	SpawnTable: 46196 spawns have been initialized!
2024.12.24 17:13:08,939	INFO	1	org.l2jmobius.gameserver.instancemanager.DayNightSpawnManager	DayNightSpawnManager: Removed 0 night creatures
2024.12.24 17:13:08,940	INFO	1	org.l2jmobius.gameserver.instancemanager.DayNightSpawnManager	DayNightSpawnManager: Spawned 232 day creatures
2024.12.24 17:13:08,942	INFO	1	org.l2jmobius.gameserver.instancemanager.FourSepulchersManager	FourSepulchersManager: loaded 20 Mysterious-Box spawns.
2024.12.24 17:13:08,951	INFO	1	org.l2jmobius.gameserver.instancemanager.FourSepulchersManager	FourSepulchersManager: loaded 716 Physical type monsters spawns.
2024.12.24 17:13:08,958	INFO	1	org.l2jmobius.gameserver.instancemanager.FourSepulchersManager	FourSepulchersManager: loaded 716 Magical type monsters spawns.
2024.12.24 17:13:08,962	INFO	1	org.l2jmobius.gameserver.instancemanager.FourSepulchersManager	FourSepulchersManager: loaded 92 Church of duke monsters spawns.
2024.12.24 17:13:08,964	INFO	1	org.l2jmobius.gameserver.instancemanager.FourSepulchersManager	FourSepulchersManager: loaded 68 Emperor's grave NPC spawns.
2024.12.24 17:13:08,964	INFO	1	org.l2jmobius.gameserver.instancemanager.FourSepulchersManager	FourSepulchersManager: spawned Conquerors' Sepulcher Manager
2024.12.24 17:13:08,964	INFO	1	org.l2jmobius.gameserver.instancemanager.FourSepulchersManager	FourSepulchersManager: spawned Emperors' Sepulcher Manager
2024.12.24 17:13:08,964	INFO	1	org.l2jmobius.gameserver.instancemanager.FourSepulchersManager	FourSepulchersManager: spawned Great Sages' Sepulcher Manager
2024.12.24 17:13:08,964	INFO	1	org.l2jmobius.gameserver.instancemanager.FourSepulchersManager	FourSepulchersManager: spawned Judges' Sepulcher Manager
2024.12.24 17:13:08,965	INFO	1	org.l2jmobius.gameserver.instancemanager.FourSepulchersManager	FourSepulchersManager: Beginning in Attack time
2024.12.24 17:13:08,966	INFO	1	org.l2jmobius.gameserver.instancemanager.DimensionalRiftManager	DimensionalRiftManager: Loaded 7 room types with 56 rooms.
2024.12.24 17:13:08,968	INFO	1	org.l2jmobius.gameserver.instancemanager.DimensionalRiftManager	DimensionalRiftManager: Loaded 462 dimensional rift spawns, 0 errors.
2024.12.24 17:13:08,968	INFO	1	org.l2jmobius.gameserver.GameServer	---------------------------------------------------=[ Siege ]
2024.12.24 17:13:08,973	INFO	1	org.l2jmobius.gameserver.data.xml.SiegeScheduleData	SiegeScheduleData: Loaded 9 siege schedulers.
2024.12.24 17:13:08,973	INFO	1	org.l2jmobius.gameserver.model.siege.Siege	Siege of Gludio: Sun Jan 05 16:00:00 CST 2025
2024.12.24 17:13:08,974	INFO	1	org.l2jmobius.gameserver.model.siege.Siege	Siege of Dion: Sun Jan 05 20:00:00 CST 2025
2024.12.24 17:13:08,974	INFO	1	org.l2jmobius.gameserver.model.siege.Siege	Siege of Giran: Sun Jan 05 16:00:00 CST 2025
2024.12.24 17:13:08,974	INFO	1	org.l2jmobius.gameserver.model.siege.Siege	Siege of Oren: Sun Jan 05 20:00:00 CST 2025
2024.12.24 17:13:08,974	INFO	1	org.l2jmobius.gameserver.model.siege.Siege	Siege of Aden: Sun Jan 05 16:00:00 CST 2025
2024.12.24 17:13:08,974	INFO	1	org.l2jmobius.gameserver.model.siege.Siege	Siege of Innadril: Sun Jan 05 20:00:00 CST 2025
2024.12.24 17:13:08,975	INFO	1	org.l2jmobius.gameserver.model.siege.Siege	Siege of Goddard: Sun Jan 05 16:00:00 CST 2025
2024.12.24 17:13:08,975	INFO	1	org.l2jmobius.gameserver.model.siege.Siege	Siege of Rune: Sun Jan 05 20:00:00 CST 2025
2024.12.24 17:13:08,975	INFO	1	org.l2jmobius.gameserver.model.siege.Siege	Siege of Schuttgart: Sun Jan 05 16:00:00 CST 2025
2024.12.24 17:13:08,996	INFO	1	org.l2jmobius.gameserver.instancemanager.FortManager	FortManager: Loaded 21 fortress
2024.12.24 17:13:09,034	INFO	1	org.l2jmobius.commons.util.IXmlReader	CastleManorManager: Loaded 258 seeds.
2024.12.24 17:13:09,036	INFO	1	org.l2jmobius.commons.util.IXmlReader	CastleManorManager: Manor data loaded.
2024.12.24 17:13:09,038	INFO	1	org.l2jmobius.gameserver.instancemanager.MercTicketManager	MercTicketManager: Loaded 0 Mercenary Tickets
2024.12.24 17:13:09,038	INFO	1	org.l2jmobius.gameserver.instancemanager.QuestManager	QuestManager: Loaded 526 quests.
2024.12.24 17:13:09,038	INFO	1	org.l2jmobius.gameserver.instancemanager.QuestManager	QuestManager: Loaded 308 scripts.
2024.12.24 17:13:09,039	INFO	1	org.l2jmobius.gameserver.instancemanager.games.MonsterRace	MonsterRace: loaded 0 records, currently on race #1
2024.12.24 17:13:09,056	INFO	1	org.l2jmobius.gameserver.model.sevensigns.SevenSignsFestival	SevenSignsFestival: The first Festival of Darkness cycle begins in 2 minute(s).
2024.12.24 17:13:09,056	INFO	1	org.l2jmobius.gameserver.GameServer	AutoSpawnHandler: Loaded 129 handlers in total.
2024.12.24 17:13:09,062	INFO	1	org.l2jmobius.gameserver.taskmanager.TaskManager	TaskManager: Loaded 12 Tasks.
2024.12.24 17:13:09,063	INFO	1	org.l2jmobius.gameserver.instancemanager.MailManager	MailManager: Loaded 0 messages.
2024.12.24 17:13:09,064	INFO	1	org.l2jmobius.gameserver.instancemanager.PunishmentManager	PunishmentManager: Loaded 0 active and 0 expired punishments.
2024.12.24 17:13:09,065	INFO	1	org.l2jmobius.gameserver.GameServer	IdManager: Free ObjectID's remaining: 1878995883
2024.12.24 17:13:09,066	INFO	1	org.l2jmobius.gameserver.data.sql.OfflineTraderTable	OfflineTraderTable: Loading offline traders...
2024.12.24 17:13:09,066	INFO	1	org.l2jmobius.gameserver.data.sql.OfflineTraderTable	OfflineTraderTable: Loaded 0 offline traders.
2024.12.24 17:13:09,288	INFO	1	org.l2jmobius.gameserver.GameServer	GameServer: 已用内存:598 MB.总内存： 4096MB.
2024.12.24 17:13:09,288	INFO	1	org.l2jmobius.gameserver.GameServer	GameServer: 服务器最大连接数为: 2000.
2024.12.24 17:13:09,289	INFO	1	org.l2jmobius.gameserver.GameServer	GameServer: 服务器启动时间15 秒.
2024.12.24 17:13:09,294	INFO	157	org.l2jmobius.commons.network.NetServer	GameServer: Listening on port 7778 for incoming connections.
2024.12.24 17:13:09,296	INFO	158	org.l2jmobius.gameserver.LoginServerThread	LoginServerThread: Connecting to login on 127.0.0.1:9014
2024.12.24 17:13:09,299	WARNING	158	org.l2jmobius.gameserver.LoginServerThread	LoginServerThread: LoginServer not available, trying to reconnect...
2024.12.24 17:13:14,300	INFO	158	org.l2jmobius.gameserver.LoginServerThread	LoginServerThread: Connecting to login on 127.0.0.1:9014
2024.12.24 17:13:14,300	WARNING	158	org.l2jmobius.gameserver.LoginServerThread	LoginServerThread: LoginServer not available, trying to reconnect...
2024.12.24 17:13:19,302	INFO	158	org.l2jmobius.gameserver.LoginServerThread	LoginServerThread: Connecting to login on 127.0.0.1:9014
2024.12.24 17:13:19,302	WARNING	158	org.l2jmobius.gameserver.LoginServerThread	LoginServerThread: LoginServer not available, trying to reconnect...
2024.12.24 17:13:24,303	INFO	158	org.l2jmobius.gameserver.LoginServerThread	LoginServerThread: Connecting to login on 127.0.0.1:9014
2024.12.24 17:13:24,303	WARNING	158	org.l2jmobius.gameserver.LoginServerThread	LoginServerThread: LoginServer not available, trying to reconnect...
2024.12.24 17:13:29,305	INFO	158	org.l2jmobius.gameserver.LoginServerThread	LoginServerThread: Connecting to login on 127.0.0.1:9014
2024.12.24 17:13:29,305	WARNING	158	org.l2jmobius.gameserver.LoginServerThread	LoginServerThread: LoginServer not available, trying to reconnect...
2024.12.24 17:13:34,306	INFO	158	org.l2jmobius.gameserver.LoginServerThread	LoginServerThread: Connecting to login on 127.0.0.1:9014
2024.12.24 17:13:34,306	WARNING	158	org.l2jmobius.gameserver.LoginServerThread	LoginServerThread: LoginServer not available, trying to reconnect...
2024.12.24 17:13:39,308	INFO	158	org.l2jmobius.gameserver.LoginServerThread	LoginServerThread: Connecting to login on 127.0.0.1:9014
2024.12.24 17:13:39,308	WARNING	158	org.l2jmobius.gameserver.LoginServerThread	LoginServerThread: LoginServer not available, trying to reconnect...
2024.12.24 17:13:44,309	INFO	158	org.l2jmobius.gameserver.LoginServerThread	LoginServerThread: Connecting to login on 127.0.0.1:9014
2024.12.24 17:13:44,309	WARNING	158	org.l2jmobius.gameserver.LoginServerThread	LoginServerThread: LoginServer not available, trying to reconnect...
2024.12.24 17:13:49,311	INFO	158	org.l2jmobius.gameserver.LoginServerThread	LoginServerThread: Connecting to login on 127.0.0.1:9014
2024.12.24 17:13:49,311	WARNING	158	org.l2jmobius.gameserver.LoginServerThread	LoginServerThread: LoginServer not available, trying to reconnect...
2024.12.24 17:13:54,312	INFO	158	org.l2jmobius.gameserver.LoginServerThread	LoginServerThread: Connecting to login on 127.0.0.1:9014
2024.12.24 17:13:54,365	INFO	158	org.l2jmobius.gameserver.LoginServerThread	LoginServerThread: Registered on login as Server 2: Sieghardt
2024.12.24 17:14:27,877	WARNING	158	org.l2jmobius.gameserver.LoginServerThread	LoginServerThread: LoginServer not available, trying to reconnect...
2024.12.24 17:14:32,879	INFO	158	org.l2jmobius.gameserver.LoginServerThread	LoginServerThread: Connecting to login on 127.0.0.1:9014
2024.12.24 17:14:32,879	WARNING	158	org.l2jmobius.gameserver.LoginServerThread	LoginServerThread: LoginServer not available, trying to reconnect...
