210113 15:39:49 [Note] Plugin 'FEDERATED' is disabled.
210113 15:39:49 InnoDB: The InnoDB memory heap is disabled
210113 15:39:49 InnoDB: Mutexes and rw_locks use Windows interlocked functions
210113 15:39:49 InnoDB: Compressed tables use zlib 1.2.3
210113 15:39:49 InnoDB: Initializing buffer pool, size = 47.0M
210113 15:39:49 InnoDB: Completed initialization of buffer pool
InnoDB: The first specified data file .\ibdata1 did not exist:
InnoDB: a new database to be created!
210113 15:39:49  InnoDB: Setting file .\ibdata1 size to 10 MB
InnoDB: Database physically writes the file full: wait...
210113 15:39:49  InnoDB: Log file .\ib_logfile0 did not exist: new to be created
InnoDB: Setting log file .\ib_logfile0 size to 24 MB
InnoDB: Database physically writes the file full: wait...
210113 15:39:49  InnoDB: Log file .\ib_logfile1 did not exist: new to be created
InnoDB: Setting log file .\ib_logfile1 size to 24 MB
InnoDB: Database physically writes the file full: wait...
InnoDB: Doublewrite buffer not found: creating new
InnoDB: Doublewrite buffer created
InnoDB: 127 rollback segment(s) active.
InnoDB: Creating foreign key constraint system tables
InnoDB: Foreign key constraint system tables created
210113 15:39:49  InnoDB: Waiting for the background threads to start
210113 15:39:50 InnoDB: 5.5.53 started; log sequence number 0
210113 15:39:50 [Note] Server hostname (bind-address): '0.0.0.0'; port: 3306
210113 15:39:50 [Note]   - '0.0.0.0' resolves to '0.0.0.0';
210113 15:39:50 [Note] Server socket created on IP: '0.0.0.0'.
210113 15:39:50 [Note] Event Scheduler: Loaded 0 events
210113 15:39:50 [Note] Z:\FGTTServer\MySQLv5.5\bin\mysqld.exe: ready for connections.
Version: '5.5.53'  socket: ''  port: 3306  MySQL Community Server (GPL)
210113 16:07:13 [Note] Plugin 'FEDERATED' is disabled.
210113 16:07:13 InnoDB: The InnoDB memory heap is disabled
210113 16:07:13 InnoDB: Mutexes and rw_locks use Windows interlocked functions
210113 16:07:13 InnoDB: Compressed tables use zlib 1.2.3
210113 16:07:13 InnoDB: Initializing buffer pool, size = 47.0M
210113 16:07:13 InnoDB: Completed initialization of buffer pool
210113 16:07:13 InnoDB: highest supported file format is Barracuda.
InnoDB: The log sequence number in ibdata files does not match
InnoDB: the log sequence number in the ib_logfiles!
210113 16:07:13  InnoDB: Database was not shut down normally!
InnoDB: Starting crash recovery.
InnoDB: Reading tablespace information from the .ibd files...
InnoDB: Restoring possible half-written data pages from the doublewrite
InnoDB: buffer...
210113 16:07:13  InnoDB: Waiting for the background threads to start
210113 16:07:14 InnoDB: 5.5.53 started; log sequence number 8793673
210113 16:07:14 [Note] Server hostname (bind-address): '0.0.0.0'; port: 3306
210113 16:07:14 [Note]   - '0.0.0.0' resolves to '0.0.0.0';
210113 16:07:14 [Note] Server socket created on IP: '0.0.0.0'.
210113 16:07:14 [Note] Event Scheduler: Loaded 0 events
210113 16:07:14 [Note] Z:\FGTTServer\MySQLv5.5\bin\mysqld.exe: ready for connections.
Version: '5.5.53'  socket: ''  port: 3306  MySQL Community Server (GPL)
